INFO   info.magnolia.cms.beans.config.ConfigLoader 28.12.2015 13:46:04 -- Initializing content repositories
INFO   info.magnolia.repository.DefaultRepositoryManager 28.12.2015 13:46:04 -- Loading JCR
INFO   info.magnolia.repository.DefaultRepositoryManager 28.12.2015 13:46:04 -- Loading JCR magnolia
INFO   info.magnolia.jackrabbit.ProviderImpl 28.12.2015 13:46:04 -- Loading repository at /Users/dianandonov/stuff/publishing-central/publishing-ui/src/main/webapp/repositories/magnolia (config file: /Users/dianandonov/stuff/publishing-central/publishing-ui/src/main/webapp/WEB-INF/config/repo-conf/jackrabbit-bundle-derby-search.xml) - cluster id: "<unset>"
INFO   info.magnolia.jackrabbit.ProviderImpl 28.12.2015 13:46:07 -- Registering prefix [mgnl] with URI http://www.magnolia.info/jcr/mgnl
INFO   info.magnolia.jackrabbit.ProviderImpl 28.12.2015 13:46:07 -- Registering nodetype {http://www.magnolia.info/jcr/mgnl}metaData on repository magnolia
INFO   info.magnolia.jackrabbit.ProviderImpl 28.12.2015 13:46:07 -- Registering nodetype {http://www.magnolia.info/jcr/mgnl}lastModified on repository magnolia
INFO   info.magnolia.jackrabbit.ProviderImpl 28.12.2015 13:46:07 -- Registering nodetype {http://www.magnolia.info/jcr/mgnl}activatable on repository magnolia
INFO   info.magnolia.jackrabbit.ProviderImpl 28.12.2015 13:46:07 -- Registering nodetype {http://www.magnolia.info/jcr/mgnl}renderable on repository magnolia
INFO   info.magnolia.jackrabbit.ProviderImpl 28.12.2015 13:46:07 -- Registering nodetype {http://www.magnolia.info/jcr/mgnl}created on repository magnolia
INFO   info.magnolia.jackrabbit.ProviderImpl 28.12.2015 13:46:07 -- Registering nodetype {http://www.magnolia.info/jcr/mgnl}versionable on repository magnolia
INFO   info.magnolia.jackrabbit.ProviderImpl 28.12.2015 13:46:07 -- Registering nodetype {http://www.magnolia.info/jcr/mgnl}deleted on repository magnolia
INFO   info.magnolia.jackrabbit.ProviderImpl 28.12.2015 13:46:07 -- Registering nodetype {http://www.magnolia.info/jcr/mgnl}content on repository magnolia
INFO   info.magnolia.jackrabbit.ProviderImpl 28.12.2015 13:46:07 -- Registering nodetype {http://www.magnolia.info/jcr/mgnl}contentNode on repository magnolia
INFO   info.magnolia.jackrabbit.ProviderImpl 28.12.2015 13:46:07 -- Registering nodetype {http://www.magnolia.info/jcr/mgnl}folder on repository magnolia
INFO   info.magnolia.jackrabbit.ProviderImpl 28.12.2015 13:46:07 -- Registering nodetype {http://www.magnolia.info/jcr/mgnl}resource on repository magnolia
INFO   info.magnolia.jackrabbit.ProviderImpl 28.12.2015 13:46:07 -- Registering nodetype {http://www.magnolia.info/jcr/mgnl}reserve on repository magnolia
INFO   info.magnolia.jackrabbit.ProviderImpl 28.12.2015 13:46:07 -- Registering nodetype {http://www.magnolia.info/jcr/mgnl}page on repository magnolia
INFO   info.magnolia.jackrabbit.ProviderImpl 28.12.2015 13:46:07 -- Registering nodetype {http://www.magnolia.info/jcr/mgnl}area on repository magnolia
INFO   info.magnolia.jackrabbit.ProviderImpl 28.12.2015 13:46:07 -- Registering nodetype {http://www.magnolia.info/jcr/mgnl}component on repository magnolia
INFO   info.magnolia.jackrabbit.ProviderImpl 28.12.2015 13:46:07 -- Registering nodetype {http://www.magnolia.info/jcr/mgnl}user on repository magnolia
INFO   info.magnolia.jackrabbit.ProviderImpl 28.12.2015 13:46:07 -- Registering nodetype {http://www.magnolia.info/jcr/mgnl}role on repository magnolia
INFO   info.magnolia.jackrabbit.ProviderImpl 28.12.2015 13:46:07 -- Registering nodetype {http://www.magnolia.info/jcr/mgnl}group on repository magnolia
INFO   info.magnolia.repository.DefaultRepositoryManager 28.12.2015 13:46:08 -- Loading workspace mgnlVersion (logical name magnolia-mgnlVersion).
INFO   info.magnolia.repository.DefaultRepositoryManager 28.12.2015 13:46:08 -- Loading workspace default (logical name default).
INFO   info.magnolia.repository.DefaultRepositoryManager 28.12.2015 13:46:08 -- Loading workspace mgnlSystem (logical name magnolia-mgnlSystem).
INFO   info.magnolia.context.LifeTimeJCRSessionUtil 28.12.2015 13:46:09 -- Will handle lifetime sessions because the system context is of type interface info.magnolia.context.ThreadDependentSystemContext
WARN   info.magnolia.cms.util.ClasspathResourcesUtil 28.12.2015 13:46:09 -- missing file: /Users/dianandonov/stuff/publishing-central/publishing-ui/build/classes/main
WARN   info.magnolia.cms.util.ClasspathResourcesUtil 28.12.2015 13:46:09 -- missing file: /Users/dianandonov/stuff/publishing-central/publishing-ui/build/resources/main
INFO   info.magnolia.i18nsystem.DefaultMessageBundlesLoader 28.12.2015 13:46:09 -- 
------------------------------------
Duplicated keys found while loading message bundles from ./mgnl-i18n :
------------------------------------
Number of duplicates based on key pattern <key>_<locale>_<bundle-url>: 6
Number of duplicates based on key pattern <key>_<locale>: 6
Number of duplicates based on key pattern <key>: 1
To get more details concerning the keys, raise the log level to 'DEBUG' for info.magnolia.i18nsystem.DefaultMessageBundlesLoader.
If you encounter a large number of duplicates, it's possible that you are running in a development environment where you have multiple copies of the web-apps in the overlays folder of your web-app.
URLs of the affected files creating duplicate entries:
jar:file:/Users/dianandonov/.gradle/caches/modules-2/files-2.1/info.magnolia.ui/magnolia-ui-admincentral/5.4/6bde880a6ac362a6465077a8b5511792386cc1/magnolia-ui-admincentral-5.4.jar!/mgnl-i18n/messages_de.properties
jar:file:/Users/dianandonov/.gradle/caches/modules-2/files-2.1/info.magnolia.ui/magnolia-ui-admincentral/5.4/6bde880a6ac362a6465077a8b5511792386cc1/magnolia-ui-admincentral-5.4.jar!/mgnl-i18n/messages_en.properties
jar:file:/Users/dianandonov/.gradle/caches/modules-2/files-2.1/info.magnolia.ui/magnolia-ui-admincentral/5.4/6bde880a6ac362a6465077a8b5511792386cc1/magnolia-ui-admincentral-5.4.jar!/mgnl-i18n/messages_ja.properties
jar:file:/Users/dianandonov/.gradle/caches/modules-2/files-2.1/info.magnolia.ui/magnolia-ui-admincentral/5.4/6bde880a6ac362a6465077a8b5511792386cc1/magnolia-ui-admincentral-5.4.jar!/mgnl-i18n/messages_zh_CN.properties
jar:file:/Users/dianandonov/.gradle/caches/modules-2/files-2.1/info.magnolia.ui/magnolia-ui-admincentral/5.4/6bde880a6ac362a6465077a8b5511792386cc1/magnolia-ui-admincentral-5.4.jar!/mgnl-i18n/shellapp-app-launcher-messages_cs.properties
jar:file:/Users/dianandonov/.gradle/caches/modules-2/files-2.1/info.magnolia.ui/magnolia-ui-admincentral/5.4/6bde880a6ac362a6465077a8b5511792386cc1/magnolia-ui-admincentral-5.4.jar!/mgnl-i18n/shellapp-app-launcher-messages_es.properties
------------------------------------
INFO   info.magnolia.objectfactory.ObservedComponentFactory 28.12.2015 13:46:09 -- /server/rendering/freemarker does not exist, will return a new instance of class info.magnolia.freemarker.FreemarkerConfig.
INFO   info.magnolia.objectfactory.ObservedComponentFactory 28.12.2015 13:46:09 -- /server/auditLogging does not exist, will return a new instance of class info.magnolia.audit.AuditLoggingManager.
INFO   info.magnolia.classpathwatch.ClasspathScannerService 28.12.2015 13:46:09 -- Not in dev mode, will not watch resource changes on the classpath.
INFO   info.magnolia.module.webapp.WebappVersionHandler 28.12.2015 13:46:10 -- Content was found in the repository, will not bootstrap web-app.
INFO   info.magnolia.module.ui.ModuleManagerWebUI 28.12.2015 13:46:10 -- 
*********************************************************************************************************
*                                                                                                       *
* Magnolia needs module updates or installs, point your browser to your Magnolia instance and confirm ! *
*                                                                                                       *
*********************************************************************************************************
INFO   info.magnolia.cms.i18n.DefaultMessagesManager 28.12.2015 13:46:10 -- Loading i18n configuration - /server/i18n/system
WARN   info.magnolia.cms.i18n.DefaultMessagesManager 28.12.2015 13:46:10 -- /server/i18n/system does not exist yet; skipping.
INFO   info.magnolia.cms.i18n.DefaultMessagesManager 28.12.2015 13:46:10 -- Registering event listener for i18n
INFO   info.magnolia.cms.beans.config.MIMEMapping 28.12.2015 13:46:10 -- Initializing MIMEMapping from /server/MIMEMapping
WARN   info.magnolia.cms.beans.config.MIMEMapping 28.12.2015 13:46:10 -- No MIMEMapping info configured at /server/MIMEMapping
INFO   info.magnolia.cms.beans.config.MIMEMapping 28.12.2015 13:46:10 -- Registering event listener for MIMEMapping
INFO   info.magnolia.cms.beans.config.ConfigLoader 28.12.2015 13:46:10 -- Configuration loaded (took 5 seconds)
INFO   info.magnolia.cms.filters.FilterManagerImpl 28.12.2015 13:46:10 -- Initializing filters
INFO   info.magnolia.cms.filters.CompositeFilter 28.12.2015 13:46:10 -- Initializing filter [Wrapper for Resources Servlet servlet]
INFO   info.magnolia.cms.filters.CompositeFilter 28.12.2015 13:46:10 -- Initializing filter [install]
INFO   info.magnolia.repository.DefaultRepositoryManager 28.12.2015 13:46:21 -- Loading workspace resources (logical name resources).
INFO   info.magnolia.repository.DefaultRepositoryManager 28.12.2015 13:46:21 -- Loading workspace dms (logical name dms).
INFO   info.magnolia.jackrabbit.ProviderImpl 28.12.2015 13:46:21 -- Custom node types registered using /mgnl-nodetypes/magnolia-dam-nodetypes.xml
INFO   info.magnolia.jackrabbit.ProviderImpl 28.12.2015 13:46:21 -- Registering nodetype {http://www.magnolia.info/jcr/mgnl}asset on repository magnolia
INFO   info.magnolia.repository.DefaultRepositoryManager 28.12.2015 13:46:21 -- Loading workspace dam (logical name dam).
INFO   info.magnolia.repository.DefaultRepositoryManager 28.12.2015 13:46:22 -- Loading workspace imaging (logical name imaging).
INFO   info.magnolia.jackrabbit.ProviderImpl 28.12.2015 13:46:22 -- Custom node types registered using /mgnl-nodetypes/tasks-nodetypes.xml
INFO   info.magnolia.jackrabbit.ProviderImpl 28.12.2015 13:46:22 -- Registering nodetype {http://www.magnolia.info/jcr/mgnl}task on repository magnolia
INFO   info.magnolia.repository.DefaultRepositoryManager 28.12.2015 13:46:22 -- Loading workspace tasks (logical name tasks).
INFO   info.magnolia.jackrabbit.ProviderImpl 28.12.2015 13:46:22 -- Custom node types registered using /mgnl-nodetypes/magnolia-message-nodetypes.xml
INFO   info.magnolia.jackrabbit.ProviderImpl 28.12.2015 13:46:22 -- Registering nodetype {http://www.magnolia.info/jcr/mgnl}systemMessage on repository magnolia
INFO   info.magnolia.repository.DefaultRepositoryManager 28.12.2015 13:46:22 -- Loading workspace messages (logical name messages).
INFO   info.magnolia.jackrabbit.ProviderImpl 28.12.2015 13:46:22 -- Custom node types registered using /mgnl-nodetypes/magnolia-favorite-nodetypes.xml
INFO   info.magnolia.jackrabbit.ProviderImpl 28.12.2015 13:46:22 -- Registering nodetype {http://www.magnolia.info/jcr/mgnl}favorite on repository magnolia
INFO   info.magnolia.jackrabbit.ProviderImpl 28.12.2015 13:46:22 -- Registering nodetype {http://www.magnolia.info/jcr/mgnl}favoriteGroup on repository magnolia
INFO   info.magnolia.repository.DefaultRepositoryManager 28.12.2015 13:46:22 -- Loading workspace profiles (logical name profiles).
INFO   info.magnolia.jackrabbit.ProviderImpl 28.12.2015 13:46:22 -- Custom node types registered using /mgnl-nodetypes/app-articles-nodetypes.xml
INFO   info.magnolia.jackrabbit.ProviderImpl 28.12.2015 13:46:22 -- Registering nodetype {http://www.magnolia.info/jcr/mgnl}product on repository magnolia
INFO   info.magnolia.repository.DefaultRepositoryManager 28.12.2015 13:46:22 -- Loading workspace articles (logical name articles).
WARN   info.magnolia.module.InstallContextImpl 28.12.2015 13:46:23 -- [13/200 tasks - Magnolia Core Module (version 5.4.0)]> Please set the config:/server/defaultBaseUrl property to a full URL to be used when generating absolute URLs for external systems.
WARN   info.magnolia.cms.util.ClasspathResourcesUtil 28.12.2015 13:46:23 -- missing file: /Users/dianandonov/stuff/publishing-central/publishing-ui/build/classes/main
WARN   info.magnolia.cms.util.ClasspathResourcesUtil 28.12.2015 13:46:23 -- missing file: /Users/dianandonov/stuff/publishing-central/publishing-ui/build/resources/main
INFO   info.magnolia.cms.beans.config.MIMEMapping 28.12.2015 13:46:24 -- Reloading MIMEMapping from /server/MIMEMapping
WARN   info.magnolia.cms.util.ClasspathResourcesUtil 28.12.2015 13:46:24 -- missing file: /Users/dianandonov/stuff/publishing-central/publishing-ui/build/classes/main
WARN   info.magnolia.cms.util.ClasspathResourcesUtil 28.12.2015 13:46:24 -- missing file: /Users/dianandonov/stuff/publishing-central/publishing-ui/build/resources/main
INFO   info.magnolia.cms.i18n.DefaultMessagesManager 28.12.2015 13:46:24 -- Loading i18n configuration - /server/i18n/system
WARN   info.magnolia.cms.util.ClasspathResourcesUtil 28.12.2015 13:46:24 -- missing file: /Users/dianandonov/stuff/publishing-central/publishing-ui/build/classes/main
WARN   info.magnolia.cms.util.ClasspathResourcesUtil 28.12.2015 13:46:24 -- missing file: /Users/dianandonov/stuff/publishing-central/publishing-ui/build/resources/main
WARN   info.magnolia.cms.util.ClasspathResourcesUtil 28.12.2015 13:46:24 -- missing file: /Users/dianandonov/stuff/publishing-central/publishing-ui/build/classes/main
WARN   info.magnolia.cms.util.ClasspathResourcesUtil 28.12.2015 13:46:24 -- missing file: /Users/dianandonov/stuff/publishing-central/publishing-ui/build/resources/main
WARN   info.magnolia.cms.util.ClasspathResourcesUtil 28.12.2015 13:46:24 -- missing file: /Users/dianandonov/stuff/publishing-central/publishing-ui/build/classes/main
WARN   info.magnolia.cms.util.ClasspathResourcesUtil 28.12.2015 13:46:24 -- missing file: /Users/dianandonov/stuff/publishing-central/publishing-ui/build/resources/main
WARN   info.magnolia.cms.util.ClasspathResourcesUtil 28.12.2015 13:46:24 -- missing file: /Users/dianandonov/stuff/publishing-central/publishing-ui/build/classes/main
WARN   info.magnolia.cms.util.ClasspathResourcesUtil 28.12.2015 13:46:24 -- missing file: /Users/dianandonov/stuff/publishing-central/publishing-ui/build/resources/main
WARN   info.magnolia.cms.util.ClasspathResourcesUtil 28.12.2015 13:46:25 -- missing file: /Users/dianandonov/stuff/publishing-central/publishing-ui/build/classes/main
WARN   info.magnolia.cms.util.ClasspathResourcesUtil 28.12.2015 13:46:25 -- missing file: /Users/dianandonov/stuff/publishing-central/publishing-ui/build/resources/main
WARN   info.magnolia.cms.util.ClasspathResourcesUtil 28.12.2015 13:46:25 -- missing file: /Users/dianandonov/stuff/publishing-central/publishing-ui/build/classes/main
WARN   info.magnolia.cms.util.ClasspathResourcesUtil 28.12.2015 13:46:25 -- missing file: /Users/dianandonov/stuff/publishing-central/publishing-ui/build/resources/main
WARN   info.magnolia.cms.util.ClasspathResourcesUtil 28.12.2015 13:46:25 -- missing file: /Users/dianandonov/stuff/publishing-central/publishing-ui/build/classes/main
WARN   info.magnolia.cms.util.ClasspathResourcesUtil 28.12.2015 13:46:25 -- missing file: /Users/dianandonov/stuff/publishing-central/publishing-ui/build/resources/main
WARN   info.magnolia.cms.util.ClasspathResourcesUtil 28.12.2015 13:46:25 -- missing file: /Users/dianandonov/stuff/publishing-central/publishing-ui/build/classes/main
WARN   info.magnolia.cms.util.ClasspathResourcesUtil 28.12.2015 13:46:25 -- missing file: /Users/dianandonov/stuff/publishing-central/publishing-ui/build/resources/main
ERROR  info.magnolia.module.InstallContextImpl 28.12.2015 13:46:25 -- [60/200 tasks - Magnolia Resource Loader (version 5.4.0)]> Could not install or update resource-loader module. Task 'Setup module repositories' failed. (NullPointerException: )
info.magnolia.module.delta.TaskExecutionException: Could not bootstrap workspace: null
	at info.magnolia.module.delta.SetupModuleRepositoriesTask.execute(SetupModuleRepositoriesTask.java:91)
	at info.magnolia.module.ModuleManagerImpl.applyDeltas(ModuleManagerImpl.java:511)
	at info.magnolia.module.ModuleManagerImpl.installOrUpdateModule(ModuleManagerImpl.java:493)
	at info.magnolia.module.ModuleManagerImpl$1.doExec(ModuleManagerImpl.java:274)
	at info.magnolia.context.MgnlContext$VoidOp.exec(MgnlContext.java:421)
	at info.magnolia.context.MgnlContext$VoidOp.exec(MgnlContext.java:418)
	at info.magnolia.context.MgnlContext.doInSystemContext(MgnlContext.java:392)
	at info.magnolia.module.ModuleManagerImpl.performInstallOrUpdate(ModuleManagerImpl.java:268)
	at info.magnolia.module.ui.ModuleManagerWebUI$2.run(ModuleManagerWebUI.java:123)
	at java.lang.Thread.run(Thread.java:745)
Caused by: java.lang.NullPointerException
	at info.magnolia.module.delta.SetupModuleRepositoriesTask.grantRepositoryToSuperuser(SetupModuleRepositoriesTask.java:99)
	at info.magnolia.module.delta.SetupModuleRepositoriesTask.execute(SetupModuleRepositoriesTask.java:86)
	... 9 more
WARN   info.magnolia.cms.util.ClasspathResourcesUtil 28.12.2015 13:46:25 -- missing file: /Users/dianandonov/stuff/publishing-central/publishing-ui/build/classes/main
WARN   info.magnolia.cms.util.ClasspathResourcesUtil 28.12.2015 13:46:25 -- missing file: /Users/dianandonov/stuff/publishing-central/publishing-ui/build/resources/main
INFO   info.magnolia.objectfactory.ObservedComponentFactory 28.12.2015 13:46:25 -- Re-loaded info.magnolia.audit.AuditLoggingManager from /server/auditLogging
WARN   info.magnolia.cms.util.ClasspathResourcesUtil 28.12.2015 13:46:25 -- missing file: /Users/dianandonov/stuff/publishing-central/publishing-ui/build/classes/main
WARN   info.magnolia.cms.util.ClasspathResourcesUtil 28.12.2015 13:46:25 -- missing file: /Users/dianandonov/stuff/publishing-central/publishing-ui/build/resources/main
INFO   info.magnolia.objectfactory.ObservedComponentFactory 28.12.2015 13:46:25 -- Re-loaded info.magnolia.cms.security.SecuritySupport from /server/security
WARN   info.magnolia.cms.util.ClasspathResourcesUtil 28.12.2015 13:46:25 -- missing file: /Users/dianandonov/stuff/publishing-central/publishing-ui/build/classes/main
WARN   info.magnolia.cms.util.ClasspathResourcesUtil 28.12.2015 13:46:25 -- missing file: /Users/dianandonov/stuff/publishing-central/publishing-ui/build/resources/main
WARN   info.magnolia.cms.util.ClasspathResourcesUtil 28.12.2015 13:46:25 -- missing file: /Users/dianandonov/stuff/publishing-central/publishing-ui/build/classes/main
WARN   info.magnolia.cms.util.ClasspathResourcesUtil 28.12.2015 13:46:25 -- missing file: /Users/dianandonov/stuff/publishing-central/publishing-ui/build/resources/main
WARN   info.magnolia.cms.util.ClasspathResourcesUtil 28.12.2015 13:46:25 -- missing file: /Users/dianandonov/stuff/publishing-central/publishing-ui/build/classes/main
WARN   info.magnolia.cms.util.ClasspathResourcesUtil 28.12.2015 13:46:25 -- missing file: /Users/dianandonov/stuff/publishing-central/publishing-ui/build/resources/main
INFO   info.magnolia.objectfactory.ObservedComponentFactory 28.12.2015 13:46:25 -- Re-loaded info.magnolia.freemarker.FreemarkerConfig from /server/rendering/freemarker
WARN   info.magnolia.cms.util.ClasspathResourcesUtil 28.12.2015 13:46:25 -- missing file: /Users/dianandonov/stuff/publishing-central/publishing-ui/build/classes/main
WARN   info.magnolia.cms.util.ClasspathResourcesUtil 28.12.2015 13:46:25 -- missing file: /Users/dianandonov/stuff/publishing-central/publishing-ui/build/resources/main
WARN   info.magnolia.cms.util.ClasspathResourcesUtil 28.12.2015 13:46:26 -- missing file: /Users/dianandonov/stuff/publishing-central/publishing-ui/build/classes/main
WARN   info.magnolia.cms.util.ClasspathResourcesUtil 28.12.2015 13:46:26 -- missing file: /Users/dianandonov/stuff/publishing-central/publishing-ui/build/resources/main
WARN   info.magnolia.cms.util.ClasspathResourcesUtil 28.12.2015 13:46:26 -- missing file: /Users/dianandonov/stuff/publishing-central/publishing-ui/build/classes/main
WARN   info.magnolia.cms.util.ClasspathResourcesUtil 28.12.2015 13:46:26 -- missing file: /Users/dianandonov/stuff/publishing-central/publishing-ui/build/resources/main
WARN   info.magnolia.cms.util.ClasspathResourcesUtil 28.12.2015 13:46:26 -- missing file: /Users/dianandonov/stuff/publishing-central/publishing-ui/build/classes/main
WARN   info.magnolia.cms.util.ClasspathResourcesUtil 28.12.2015 13:46:26 -- missing file: /Users/dianandonov/stuff/publishing-central/publishing-ui/build/resources/main
WARN   info.magnolia.cms.util.ClasspathResourcesUtil 28.12.2015 13:46:26 -- missing file: /Users/dianandonov/stuff/publishing-central/publishing-ui/build/classes/main
WARN   info.magnolia.cms.util.ClasspathResourcesUtil 28.12.2015 13:46:26 -- missing file: /Users/dianandonov/stuff/publishing-central/publishing-ui/build/resources/main
WARN   info.magnolia.cms.util.ClasspathResourcesUtil 28.12.2015 13:46:26 -- missing file: /Users/dianandonov/stuff/publishing-central/publishing-ui/build/classes/main
WARN   info.magnolia.cms.util.ClasspathResourcesUtil 28.12.2015 13:46:26 -- missing file: /Users/dianandonov/stuff/publishing-central/publishing-ui/build/resources/main
WARN   info.magnolia.cms.util.ClasspathResourcesUtil 28.12.2015 13:46:26 -- missing file: /Users/dianandonov/stuff/publishing-central/publishing-ui/build/classes/main
WARN   info.magnolia.cms.util.ClasspathResourcesUtil 28.12.2015 13:46:26 -- missing file: /Users/dianandonov/stuff/publishing-central/publishing-ui/build/resources/main
WARN   info.magnolia.cms.util.ClasspathResourcesUtil 28.12.2015 13:46:26 -- missing file: /Users/dianandonov/stuff/publishing-central/publishing-ui/build/classes/main
WARN   info.magnolia.cms.util.ClasspathResourcesUtil 28.12.2015 13:46:26 -- missing file: /Users/dianandonov/stuff/publishing-central/publishing-ui/build/resources/main
WARN   info.magnolia.cms.util.ClasspathResourcesUtil 28.12.2015 13:46:26 -- missing file: /Users/dianandonov/stuff/publishing-central/publishing-ui/build/classes/main
WARN   info.magnolia.cms.util.ClasspathResourcesUtil 28.12.2015 13:46:26 -- missing file: /Users/dianandonov/stuff/publishing-central/publishing-ui/build/resources/main
WARN   info.magnolia.cms.util.ClasspathResourcesUtil 28.12.2015 13:46:26 -- missing file: /Users/dianandonov/stuff/publishing-central/publishing-ui/build/classes/main
WARN   info.magnolia.cms.util.ClasspathResourcesUtil 28.12.2015 13:46:26 -- missing file: /Users/dianandonov/stuff/publishing-central/publishing-ui/build/resources/main
WARN   info.magnolia.cms.util.ClasspathResourcesUtil 28.12.2015 13:46:26 -- missing file: /Users/dianandonov/stuff/publishing-central/publishing-ui/build/classes/main
WARN   info.magnolia.cms.util.ClasspathResourcesUtil 28.12.2015 13:46:26 -- missing file: /Users/dianandonov/stuff/publishing-central/publishing-ui/build/resources/main
WARN   info.magnolia.cms.util.ClasspathResourcesUtil 28.12.2015 13:46:26 -- missing file: /Users/dianandonov/stuff/publishing-central/publishing-ui/build/classes/main
WARN   info.magnolia.cms.util.ClasspathResourcesUtil 28.12.2015 13:46:26 -- missing file: /Users/dianandonov/stuff/publishing-central/publishing-ui/build/resources/main
WARN   info.magnolia.cms.util.ClasspathResourcesUtil 28.12.2015 13:46:26 -- missing file: /Users/dianandonov/stuff/publishing-central/publishing-ui/build/classes/main
WARN   info.magnolia.cms.util.ClasspathResourcesUtil 28.12.2015 13:46:26 -- missing file: /Users/dianandonov/stuff/publishing-central/publishing-ui/build/resources/main
WARN   info.magnolia.cms.util.ClasspathResourcesUtil 28.12.2015 13:46:27 -- missing file: /Users/dianandonov/stuff/publishing-central/publishing-ui/build/classes/main
WARN   info.magnolia.cms.util.ClasspathResourcesUtil 28.12.2015 13:46:27 -- missing file: /Users/dianandonov/stuff/publishing-central/publishing-ui/build/resources/main
WARN   info.magnolia.cms.util.ClasspathResourcesUtil 28.12.2015 13:46:27 -- missing file: /Users/dianandonov/stuff/publishing-central/publishing-ui/build/classes/main
WARN   info.magnolia.cms.util.ClasspathResourcesUtil 28.12.2015 13:46:27 -- missing file: /Users/dianandonov/stuff/publishing-central/publishing-ui/build/resources/main
WARN   info.magnolia.cms.util.ClasspathResourcesUtil 28.12.2015 13:46:27 -- missing file: /Users/dianandonov/stuff/publishing-central/publishing-ui/build/classes/main
WARN   info.magnolia.cms.util.ClasspathResourcesUtil 28.12.2015 13:46:27 -- missing file: /Users/dianandonov/stuff/publishing-central/publishing-ui/build/resources/main
WARN   info.magnolia.cms.util.ClasspathResourcesUtil 28.12.2015 13:46:27 -- missing file: /Users/dianandonov/stuff/publishing-central/publishing-ui/build/classes/main
WARN   info.magnolia.cms.util.ClasspathResourcesUtil 28.12.2015 13:46:27 -- missing file: /Users/dianandonov/stuff/publishing-central/publishing-ui/build/resources/main
WARN   info.magnolia.cms.util.ClasspathResourcesUtil 28.12.2015 13:46:27 -- missing file: /Users/dianandonov/stuff/publishing-central/publishing-ui/build/classes/main
WARN   info.magnolia.cms.util.ClasspathResourcesUtil 28.12.2015 13:46:27 -- missing file: /Users/dianandonov/stuff/publishing-central/publishing-ui/build/resources/main
WARN   info.magnolia.cms.util.ClasspathResourcesUtil 28.12.2015 13:46:27 -- missing file: /Users/dianandonov/stuff/publishing-central/publishing-ui/build/classes/main
WARN   info.magnolia.cms.util.ClasspathResourcesUtil 28.12.2015 13:46:27 -- missing file: /Users/dianandonov/stuff/publishing-central/publishing-ui/build/resources/main
WARN   info.magnolia.cms.util.ClasspathResourcesUtil 28.12.2015 13:46:27 -- missing file: /Users/dianandonov/stuff/publishing-central/publishing-ui/build/classes/main
WARN   info.magnolia.cms.util.ClasspathResourcesUtil 28.12.2015 13:46:27 -- missing file: /Users/dianandonov/stuff/publishing-central/publishing-ui/build/resources/main
WARN   info.magnolia.cms.util.ClasspathResourcesUtil 28.12.2015 13:46:27 -- missing file: /Users/dianandonov/stuff/publishing-central/publishing-ui/build/classes/main
WARN   info.magnolia.cms.util.ClasspathResourcesUtil 28.12.2015 13:46:27 -- missing file: /Users/dianandonov/stuff/publishing-central/publishing-ui/build/resources/main
WARN   info.magnolia.cms.util.ClasspathResourcesUtil 28.12.2015 13:46:27 -- missing file: /Users/dianandonov/stuff/publishing-central/publishing-ui/build/classes/main
WARN   info.magnolia.cms.util.ClasspathResourcesUtil 28.12.2015 13:46:27 -- missing file: /Users/dianandonov/stuff/publishing-central/publishing-ui/build/resources/main
WARN   info.magnolia.cms.util.ClasspathResourcesUtil 28.12.2015 13:46:27 -- missing file: /Users/dianandonov/stuff/publishing-central/publishing-ui/build/classes/main
WARN   info.magnolia.cms.util.ClasspathResourcesUtil 28.12.2015 13:46:27 -- missing file: /Users/dianandonov/stuff/publishing-central/publishing-ui/build/resources/main
WARN   info.magnolia.cms.util.ClasspathResourcesUtil 28.12.2015 13:46:27 -- missing file: /Users/dianandonov/stuff/publishing-central/publishing-ui/build/classes/main
WARN   info.magnolia.cms.util.ClasspathResourcesUtil 28.12.2015 13:46:27 -- missing file: /Users/dianandonov/stuff/publishing-central/publishing-ui/build/resources/main
WARN   info.magnolia.cms.util.ClasspathResourcesUtil 28.12.2015 13:46:27 -- missing file: /Users/dianandonov/stuff/publishing-central/publishing-ui/build/classes/main
WARN   info.magnolia.cms.util.ClasspathResourcesUtil 28.12.2015 13:46:27 -- missing file: /Users/dianandonov/stuff/publishing-central/publishing-ui/build/resources/main
WARN   info.magnolia.cms.util.ClasspathResourcesUtil 28.12.2015 13:46:27 -- missing file: /Users/dianandonov/stuff/publishing-central/publishing-ui/build/classes/main
WARN   info.magnolia.cms.util.ClasspathResourcesUtil 28.12.2015 13:46:27 -- missing file: /Users/dianandonov/stuff/publishing-central/publishing-ui/build/resources/main
WARN   info.magnolia.cms.util.ClasspathResourcesUtil 28.12.2015 13:46:27 -- missing file: /Users/dianandonov/stuff/publishing-central/publishing-ui/build/classes/main
WARN   info.magnolia.cms.util.ClasspathResourcesUtil 28.12.2015 13:46:27 -- missing file: /Users/dianandonov/stuff/publishing-central/publishing-ui/build/resources/main
WARN   info.magnolia.cms.util.ClasspathResourcesUtil 28.12.2015 13:46:28 -- missing file: /Users/dianandonov/stuff/publishing-central/publishing-ui/build/classes/main
WARN   info.magnolia.cms.util.ClasspathResourcesUtil 28.12.2015 13:46:28 -- missing file: /Users/dianandonov/stuff/publishing-central/publishing-ui/build/resources/main
WARN   info.magnolia.cms.util.ClasspathResourcesUtil 28.12.2015 13:46:28 -- missing file: /Users/dianandonov/stuff/publishing-central/publishing-ui/build/classes/main
WARN   info.magnolia.cms.util.ClasspathResourcesUtil 28.12.2015 13:46:28 -- missing file: /Users/dianandonov/stuff/publishing-central/publishing-ui/build/resources/main
WARN   info.magnolia.cms.util.ClasspathResourcesUtil 28.12.2015 13:46:28 -- missing file: /Users/dianandonov/stuff/publishing-central/publishing-ui/build/classes/main
WARN   info.magnolia.cms.util.ClasspathResourcesUtil 28.12.2015 13:46:28 -- missing file: /Users/dianandonov/stuff/publishing-central/publishing-ui/build/resources/main
WARN   info.magnolia.cms.util.ClasspathResourcesUtil 28.12.2015 13:46:28 -- missing file: /Users/dianandonov/stuff/publishing-central/publishing-ui/build/classes/main
WARN   info.magnolia.cms.util.ClasspathResourcesUtil 28.12.2015 13:46:28 -- missing file: /Users/dianandonov/stuff/publishing-central/publishing-ui/build/resources/main
WARN   info.magnolia.cms.util.ClasspathResourcesUtil 28.12.2015 13:46:28 -- missing file: /Users/dianandonov/stuff/publishing-central/publishing-ui/build/classes/main
WARN   info.magnolia.cms.util.ClasspathResourcesUtil 28.12.2015 13:46:28 -- missing file: /Users/dianandonov/stuff/publishing-central/publishing-ui/build/resources/main
WARN   info.magnolia.importexport.BootstrapUtil 28.12.2015 13:46:28 -- Deleted already existing node for bootstrapping: /modules/ui-admincentral/commands
WARN   info.magnolia.importexport.BootstrapUtil 28.12.2015 13:46:28 -- Deleted already existing node for bootstrapping: /server/filters/uriSecurity/bypasses/login
WARN   info.magnolia.importexport.BootstrapUtil 28.12.2015 13:46:28 -- Deleted already existing node for bootstrapping: /modules/ui-admincentral/commands/default/delete
WARN   info.magnolia.importexport.BootstrapUtil 28.12.2015 13:46:28 -- Deleted already existing node for bootstrapping: /server/filters/securityCallback/clientCallbacks/form
WARN   info.magnolia.cms.util.ClasspathResourcesUtil 28.12.2015 13:46:28 -- missing file: /Users/dianandonov/stuff/publishing-central/publishing-ui/build/classes/main
WARN   info.magnolia.cms.util.ClasspathResourcesUtil 28.12.2015 13:46:28 -- missing file: /Users/dianandonov/stuff/publishing-central/publishing-ui/build/resources/main
WARN   info.magnolia.cms.util.ClasspathResourcesUtil 28.12.2015 13:46:28 -- missing file: /Users/dianandonov/stuff/publishing-central/publishing-ui/build/classes/main
WARN   info.magnolia.cms.util.ClasspathResourcesUtil 28.12.2015 13:46:28 -- missing file: /Users/dianandonov/stuff/publishing-central/publishing-ui/build/resources/main
WARN   info.magnolia.importexport.BootstrapUtil 28.12.2015 13:46:28 -- Deleted already existing node for bootstrapping: /modules/ui-admincentral/messageViews/longRunning
INFO   info.magnolia.objectfactory.ObservedComponentFactory 28.12.2015 13:46:28 -- Re-loaded info.magnolia.freemarker.FreemarkerConfig from /server/rendering/freemarker
WARN   info.magnolia.cms.util.ClasspathResourcesUtil 28.12.2015 13:46:28 -- missing file: /Users/dianandonov/stuff/publishing-central/publishing-ui/build/classes/main
WARN   info.magnolia.cms.util.ClasspathResourcesUtil 28.12.2015 13:46:28 -- missing file: /Users/dianandonov/stuff/publishing-central/publishing-ui/build/resources/main
WARN   info.magnolia.cms.util.ClasspathResourcesUtil 28.12.2015 13:46:28 -- missing file: /Users/dianandonov/stuff/publishing-central/publishing-ui/build/classes/main
WARN   info.magnolia.cms.util.ClasspathResourcesUtil 28.12.2015 13:46:28 -- missing file: /Users/dianandonov/stuff/publishing-central/publishing-ui/build/resources/main
WARN   info.magnolia.cms.util.ClasspathResourcesUtil 28.12.2015 13:46:28 -- missing file: /Users/dianandonov/stuff/publishing-central/publishing-ui/build/classes/main
WARN   info.magnolia.cms.util.ClasspathResourcesUtil 28.12.2015 13:46:28 -- missing file: /Users/dianandonov/stuff/publishing-central/publishing-ui/build/resources/main
WARN   info.magnolia.cms.util.ClasspathResourcesUtil 28.12.2015 13:46:28 -- missing file: /Users/dianandonov/stuff/publishing-central/publishing-ui/build/classes/main
WARN   info.magnolia.cms.util.ClasspathResourcesUtil 28.12.2015 13:46:28 -- missing file: /Users/dianandonov/stuff/publishing-central/publishing-ui/build/resources/main
WARN   info.magnolia.cms.util.ClasspathResourcesUtil 28.12.2015 13:46:29 -- missing file: /Users/dianandonov/stuff/publishing-central/publishing-ui/build/classes/main
WARN   info.magnolia.cms.util.ClasspathResourcesUtil 28.12.2015 13:46:29 -- missing file: /Users/dianandonov/stuff/publishing-central/publishing-ui/build/resources/main
WARN   info.magnolia.cms.util.ClasspathResourcesUtil 28.12.2015 13:46:29 -- missing file: /Users/dianandonov/stuff/publishing-central/publishing-ui/build/classes/main
WARN   info.magnolia.cms.util.ClasspathResourcesUtil 28.12.2015 13:46:29 -- missing file: /Users/dianandonov/stuff/publishing-central/publishing-ui/build/resources/main
WARN   info.magnolia.cms.util.ClasspathResourcesUtil 28.12.2015 13:46:29 -- missing file: /Users/dianandonov/stuff/publishing-central/publishing-ui/build/classes/main
WARN   info.magnolia.cms.util.ClasspathResourcesUtil 28.12.2015 13:46:29 -- missing file: /Users/dianandonov/stuff/publishing-central/publishing-ui/build/resources/main
WARN   info.magnolia.cms.util.ClasspathResourcesUtil 28.12.2015 13:46:29 -- missing file: /Users/dianandonov/stuff/publishing-central/publishing-ui/build/classes/main
WARN   info.magnolia.cms.util.ClasspathResourcesUtil 28.12.2015 13:46:29 -- missing file: /Users/dianandonov/stuff/publishing-central/publishing-ui/build/resources/main
WARN   info.magnolia.cms.util.ClasspathResourcesUtil 28.12.2015 13:46:29 -- missing file: /Users/dianandonov/stuff/publishing-central/publishing-ui/build/classes/main
WARN   info.magnolia.cms.util.ClasspathResourcesUtil 28.12.2015 13:46:29 -- missing file: /Users/dianandonov/stuff/publishing-central/publishing-ui/build/resources/main
INFO   info.magnolia.objectfactory.ObservedComponentFactory 28.12.2015 13:46:29 -- Re-loaded info.magnolia.cms.exchange.ActivationManager from /server/activation
WARN   info.magnolia.cms.util.ClasspathResourcesUtil 28.12.2015 13:46:29 -- missing file: /Users/dianandonov/stuff/publishing-central/publishing-ui/build/classes/main
WARN   info.magnolia.cms.util.ClasspathResourcesUtil 28.12.2015 13:46:29 -- missing file: /Users/dianandonov/stuff/publishing-central/publishing-ui/build/resources/main
WARN   info.magnolia.importexport.BootstrapUtil 28.12.2015 13:46:29 -- Deleted already existing node for bootstrapping: /modules/ui-admincentral/apps/configuration/subApps/browser/actions/saveItemProperty
WARN   info.magnolia.cms.util.ClasspathResourcesUtil 28.12.2015 13:46:29 -- missing file: /Users/dianandonov/stuff/publishing-central/publishing-ui/build/classes/main
WARN   info.magnolia.cms.util.ClasspathResourcesUtil 28.12.2015 13:46:29 -- missing file: /Users/dianandonov/stuff/publishing-central/publishing-ui/build/resources/main
WARN   info.magnolia.cms.util.ClasspathResourcesUtil 28.12.2015 13:46:29 -- missing file: /Users/dianandonov/stuff/publishing-central/publishing-ui/build/classes/main
WARN   info.magnolia.cms.util.ClasspathResourcesUtil 28.12.2015 13:46:29 -- missing file: /Users/dianandonov/stuff/publishing-central/publishing-ui/build/resources/main
WARN   info.magnolia.cms.util.ClasspathResourcesUtil 28.12.2015 13:46:30 -- missing file: /Users/dianandonov/stuff/publishing-central/publishing-ui/build/classes/main
WARN   info.magnolia.cms.util.ClasspathResourcesUtil 28.12.2015 13:46:30 -- missing file: /Users/dianandonov/stuff/publishing-central/publishing-ui/build/resources/main
WARN   info.magnolia.cms.util.ClasspathResourcesUtil 28.12.2015 13:46:30 -- missing file: /Users/dianandonov/stuff/publishing-central/publishing-ui/build/classes/main
WARN   info.magnolia.cms.util.ClasspathResourcesUtil 28.12.2015 13:46:30 -- missing file: /Users/dianandonov/stuff/publishing-central/publishing-ui/build/resources/main
WARN   info.magnolia.cms.util.ClasspathResourcesUtil 28.12.2015 13:46:30 -- missing file: /Users/dianandonov/stuff/publishing-central/publishing-ui/build/classes/main
WARN   info.magnolia.cms.util.ClasspathResourcesUtil 28.12.2015 13:46:30 -- missing file: /Users/dianandonov/stuff/publishing-central/publishing-ui/build/resources/main
WARN   info.magnolia.importexport.BootstrapUtil 28.12.2015 13:46:30 -- Deleted already existing node for bootstrapping: /server/MIMEMapping/audio
WARN   info.magnolia.importexport.BootstrapUtil 28.12.2015 13:46:30 -- Deleted already existing node for bootstrapping: /server/MIMEMapping/video
WARN   info.magnolia.importexport.BootstrapUtil 28.12.2015 13:46:30 -- Deleted already existing node for bootstrapping: /server/MIMEMapping/image
INFO   info.magnolia.cms.beans.config.MIMEMapping 28.12.2015 13:46:30 -- Reloading MIMEMapping from /server/MIMEMapping
WARN   info.magnolia.cms.util.ClasspathResourcesUtil 28.12.2015 13:46:30 -- missing file: /Users/dianandonov/stuff/publishing-central/publishing-ui/build/classes/main
WARN   info.magnolia.cms.util.ClasspathResourcesUtil 28.12.2015 13:46:30 -- missing file: /Users/dianandonov/stuff/publishing-central/publishing-ui/build/resources/main
INFO   info.magnolia.cms.beans.config.MIMEMapping 28.12.2015 13:46:30 -- Reloading MIMEMapping from /server/MIMEMapping
WARN   info.magnolia.cms.util.ClasspathResourcesUtil 28.12.2015 13:46:30 -- missing file: /Users/dianandonov/stuff/publishing-central/publishing-ui/build/classes/main
WARN   info.magnolia.cms.util.ClasspathResourcesUtil 28.12.2015 13:46:30 -- missing file: /Users/dianandonov/stuff/publishing-central/publishing-ui/build/resources/main
WARN   info.magnolia.cms.util.ClasspathResourcesUtil 28.12.2015 13:46:30 -- missing file: /Users/dianandonov/stuff/publishing-central/publishing-ui/build/classes/main
WARN   info.magnolia.cms.util.ClasspathResourcesUtil 28.12.2015 13:46:30 -- missing file: /Users/dianandonov/stuff/publishing-central/publishing-ui/build/resources/main
INFO   info.magnolia.objectfactory.ObservedComponentFactory 28.12.2015 13:46:31 -- Re-loaded info.magnolia.cms.exchange.ActivationManager from /server/activation
INFO   info.magnolia.module.ModuleManagerImpl 28.12.2015 13:46:34 -- Initializing module core
INFO   info.magnolia.module.ModuleManagerImpl 28.12.2015 13:46:34 -- Starting module core
INFO   info.magnolia.module.ModuleManagerImpl 28.12.2015 13:46:34 -- Initializing module dam
INFO   info.magnolia.module.ModuleManagerImpl 28.12.2015 13:46:34 -- Starting module dam
INFO   info.magnolia.module.ModuleManagerImpl 28.12.2015 13:46:34 -- Initializing module freemarker-support
INFO   info.magnolia.module.ModuleManagerImpl 28.12.2015 13:46:34 -- Initializing module activation
INFO   info.magnolia.module.ModuleManagerImpl 28.12.2015 13:46:34 -- Initializing module imaging-support
INFO   info.magnolia.module.ModuleManagerImpl 28.12.2015 13:46:34 -- Initializing module resource-loader
INFO   info.magnolia.module.ModuleManagerImpl 28.12.2015 13:46:34 -- Initializing module cache
INFO   info.magnolia.module.ModuleManagerImpl 28.12.2015 13:46:35 -- Starting module cache
INFO   info.magnolia.module.ModuleManagerImpl 28.12.2015 13:46:35 -- Initializing module config
INFO   info.magnolia.module.ModuleManagerImpl 28.12.2015 13:46:35 -- Starting module config
INFO   info.magnolia.module.ModuleManagerImpl 28.12.2015 13:46:35 -- Initializing module dam-jcr
INFO   info.magnolia.module.ModuleManagerImpl 28.12.2015 13:46:35 -- Initializing module ehcache
INFO   info.magnolia.module.ModuleManagerImpl 28.12.2015 13:46:35 -- Initializing module rendering
INFO   info.magnolia.module.ModuleManagerImpl 28.12.2015 13:46:35 -- Starting module rendering
INFO   info.magnolia.config.source.yaml.AbstractFileResourceConfigurationSource 28.12.2015 13:46:35 -- Setting up YamlConfigurationSource to load TemplateDefinition definitions from resources
INFO   info.magnolia.resourceloader.file.FileSystemResourceOrigin 28.12.2015 13:46:35 -- Setting up info.magnolia.dirwatch.DirectoryWatcherService@3da8ca2f to watch on /Users/dianandonov/stuff/publishing-central/publishing-ui/src/main/webapp
INFO   info.magnolia.dirwatch.DirectoryWatcherService 28.12.2015 13:46:35 -- Starting DirectoryWatcher
INFO   info.magnolia.config.source.yaml.AbstractFileResourceConfigurationSource 28.12.2015 13:46:35 -- Setting up YamlConfigurationSource to load Renderer definitions from resources
INFO   info.magnolia.resourceloader.file.FileSystemResourceOrigin 28.12.2015 13:46:35 -- Setting up info.magnolia.dirwatch.DirectoryWatcherService@3da8ca2f to watch on /Users/dianandonov/stuff/publishing-central/publishing-ui/src/main/webapp
INFO   info.magnolia.module.ModuleManagerImpl 28.12.2015 13:46:35 -- Initializing module ui-framework
INFO   info.magnolia.module.ModuleManagerImpl 28.12.2015 13:46:35 -- Starting module ui-framework
INFO   info.magnolia.config.source.yaml.AbstractFileResourceConfigurationSource 28.12.2015 13:46:36 -- Setting up YamlConfigurationSource to load FormDialogDefinition definitions from resources
INFO   info.magnolia.resourceloader.file.FileSystemResourceOrigin 28.12.2015 13:46:36 -- Setting up info.magnolia.dirwatch.DirectoryWatcherService@3da8ca2f to watch on /Users/dianandonov/stuff/publishing-central/publishing-ui/src/main/webapp
INFO   info.magnolia.config.source.yaml.AbstractFileResourceConfigurationSource 28.12.2015 13:46:36 -- Setting up YamlConfigurationSource to load AppDescriptor definitions from resources
WARN   info.magnolia.config.map2bean.Map2BeanTransformer 28.12.2015 13:46:36 -- Property name not found in class class info.magnolia.ui.workbench.tree.TreePresenterDefinition
WARN   info.magnolia.config.map2bean.Map2BeanTransformer 28.12.2015 13:46:36 -- Property name not found in class class info.magnolia.ui.workbench.list.ListPresenterDefinition
WARN   info.magnolia.config.map2bean.Map2BeanTransformer 28.12.2015 13:46:36 -- Property name not found in class class info.magnolia.ui.workbench.thumbnail.ThumbnailPresenterDefinition
WARN   info.magnolia.config.map2bean.Map2BeanTransformer 28.12.2015 13:46:36 -- Property name not found in class class info.magnolia.ui.workbench.search.SearchPresenterDefinition
INFO   info.magnolia.config.source.yaml.YamlConfigurationSource 28.12.2015 13:46:36 -- Registered DefinitionMetadataBuilder.DefinitionMetadataImpl(type=APP, referenceId=articles, name=articles, module=app-articles, location=/app-articles/apps/articles.yaml, relativeLocation=articles) from LayeredResource{path='/app-articles/apps/articles.yaml', layeredResources=[ClasspathResource{path=/app-articles/apps/articles.yaml}]}
INFO   info.magnolia.resourceloader.file.FileSystemResourceOrigin 28.12.2015 13:46:36 -- Setting up info.magnolia.dirwatch.DirectoryWatcherService@3da8ca2f to watch on /Users/dianandonov/stuff/publishing-central/publishing-ui/src/main/webapp
INFO   info.magnolia.config.source.yaml.AbstractFileResourceConfigurationSource 28.12.2015 13:46:36 -- Setting up YamlConfigurationSource to load FieldTypeDefinition definitions from resources
INFO   info.magnolia.resourceloader.file.FileSystemResourceOrigin 28.12.2015 13:46:36 -- Setting up info.magnolia.dirwatch.DirectoryWatcherService@3da8ca2f to watch on /Users/dianandonov/stuff/publishing-central/publishing-ui/src/main/webapp
INFO   info.magnolia.module.ModuleManagerImpl 28.12.2015 13:46:36 -- Initializing module imaging
INFO   info.magnolia.module.ModuleManagerImpl 28.12.2015 13:46:36 -- Starting module imaging
INFO   info.magnolia.module.ModuleManagerImpl 28.12.2015 13:46:36 -- Initializing module scheduler
INFO   info.magnolia.module.ModuleManagerImpl 28.12.2015 13:46:36 -- Starting module scheduler
INFO   info.magnolia.module.ModuleManagerImpl 28.12.2015 13:46:37 -- Initializing module templating
INFO   info.magnolia.module.ModuleManagerImpl 28.12.2015 13:46:37 -- Initializing module ui-mediaeditor
INFO   info.magnolia.module.ModuleManagerImpl 28.12.2015 13:46:37 -- Starting module ui-mediaeditor
INFO   info.magnolia.config.source.yaml.AbstractFileResourceConfigurationSource 28.12.2015 13:46:37 -- Setting up YamlConfigurationSource to load MediaEditorDefinition definitions from resources
INFO   info.magnolia.resourceloader.file.FileSystemResourceOrigin 28.12.2015 13:46:37 -- Setting up info.magnolia.dirwatch.DirectoryWatcherService@3da8ca2f to watch on /Users/dianandonov/stuff/publishing-central/publishing-ui/src/main/webapp
INFO   info.magnolia.module.ModuleManagerImpl 28.12.2015 13:46:37 -- Initializing module task-management
INFO   info.magnolia.module.ModuleManagerImpl 28.12.2015 13:46:37 -- Starting module task-management
INFO   info.magnolia.module.ModuleManagerImpl 28.12.2015 13:46:37 -- Initializing module templating-jsp
INFO   info.magnolia.module.ModuleManagerImpl 28.12.2015 13:46:37 -- Initializing module ui-admincentral
INFO   info.magnolia.module.ModuleManagerImpl 28.12.2015 13:46:37 -- Starting module ui-admincentral
INFO   info.magnolia.config.source.yaml.AbstractFileResourceConfigurationSource 28.12.2015 13:46:37 -- Setting up YamlConfigurationSource to load ItemViewDefinition definitions from resources
INFO   info.magnolia.resourceloader.file.FileSystemResourceOrigin 28.12.2015 13:46:37 -- Setting up info.magnolia.dirwatch.DirectoryWatcherService@3da8ca2f to watch on /Users/dianandonov/stuff/publishing-central/publishing-ui/src/main/webapp
INFO   info.magnolia.module.ModuleManagerImpl 28.12.2015 13:46:37 -- Initializing module about-app
INFO   info.magnolia.module.ModuleManagerImpl 28.12.2015 13:46:37 -- Initializing module pages
INFO   info.magnolia.module.ModuleManagerImpl 28.12.2015 13:46:37 -- Initializing module security-app
INFO   info.magnolia.module.ModuleManagerImpl 28.12.2015 13:46:37 -- Initializing module ui-contentapp
INFO   info.magnolia.module.ModuleManagerImpl 28.12.2015 13:46:37 -- Starting module ui-contentapp
INFO   info.magnolia.module.ModuleManagerImpl 28.12.2015 13:46:37 -- Initializing module dam-app
INFO   info.magnolia.module.ModuleManagerImpl 28.12.2015 13:46:37 -- Initializing module app-articles
INFO   info.magnolia.module.ModuleManagerImpl 28.12.2015 13:46:37 -- Initializing module webapp
INFO   info.magnolia.cms.beans.config.VirtualURIManager 28.12.2015 13:46:37 -- Loading VirtualURIMapping from /modules/activation/virtualURIMapping
INFO   info.magnolia.cms.beans.config.VirtualURIManager 28.12.2015 13:46:37 -- Loading VirtualURIMapping from /modules/ui-admincentral/virtualURIMapping
INFO   info.magnolia.commands.CommandsManager 28.12.2015 13:46:37 -- Catalog [default] registered: [info.magnolia.commands.MgnlCatalog: activate, deactivate]
INFO   info.magnolia.commands.CommandsManager 28.12.2015 13:46:37 -- Catalog [versioned] registered: [info.magnolia.commands.MgnlCatalog: activate, deactivate]
INFO   info.magnolia.commands.CommandsManager 28.12.2015 13:46:37 -- Catalog [cache] registered: [info.magnolia.commands.MgnlCatalog: flushNamedCache, flushByUUID, flushAll]
INFO   info.magnolia.commands.CommandsManager 28.12.2015 13:46:37 -- Adding new command [importZip] to already registered catalog [default]...
INFO   info.magnolia.commands.CommandsManager 28.12.2015 13:46:37 -- Adding new command [import] to already registered catalog [default]...
INFO   info.magnolia.commands.CommandsManager 28.12.2015 13:46:37 -- Adding new command [markAsDeleted] to already registered catalog [default]...
INFO   info.magnolia.commands.CommandsManager 28.12.2015 13:46:37 -- Adding new command [restorePreviousVersion] to already registered catalog [default]...
INFO   info.magnolia.commands.CommandsManager 28.12.2015 13:46:37 -- Adding new command [export] to already registered catalog [default]...
INFO   info.magnolia.commands.CommandsManager 28.12.2015 13:46:37 -- Adding new command [delete] to already registered catalog [default]...
INFO   info.magnolia.commands.CommandsManager 28.12.2015 13:46:37 -- Catalog [website] registered: [info.magnolia.commands.MgnlCatalog: activate, deactivate]
INFO   info.magnolia.commands.CommandsManager 28.12.2015 13:46:37 -- Catalog [dam] registered: [info.magnolia.commands.MgnlCatalog: markAssetFolderAsDeleted, importAssetZip]
INFO   info.magnolia.cms.filters.FilterManagerImpl 28.12.2015 13:46:37 -- Initializing filters
INFO   info.magnolia.cms.filters.CompositeFilter 28.12.2015 13:46:37 -- Initializing filter [context]
INFO   info.magnolia.cms.filters.CompositeFilter 28.12.2015 13:46:37 -- Initializing filter [contentType]
INFO   info.magnolia.cms.filters.CompositeFilter 28.12.2015 13:46:37 -- Initializing filter [multipartRequest]
INFO   info.magnolia.cms.filters.CompositeFilter 28.12.2015 13:46:37 -- Initializing filter [unicodeNormalization]
INFO   info.magnolia.cms.filters.CompositeFilter 28.12.2015 13:46:37 -- Initializing filter [login]
INFO   info.magnolia.cms.filters.CompositeFilter 28.12.2015 13:46:37 -- Initializing filter [activation]
INFO   info.magnolia.cms.filters.CompositeFilter 28.12.2015 13:46:37 -- Initializing filter [gzip]
INFO   info.magnolia.cms.filters.CompositeFilter 28.12.2015 13:46:37 -- Initializing filter [channel]
INFO   info.magnolia.cms.filters.CompositeFilter 28.12.2015 13:46:37 -- Initializing filter [logout]
INFO   info.magnolia.cms.filters.CompositeFilter 28.12.2015 13:46:37 -- Initializing filter [securityCallback]
INFO   info.magnolia.cms.filters.CompositeFilter 28.12.2015 13:46:37 -- Initializing filter [csrfSecurity]
INFO   info.magnolia.cms.filters.CompositeFilter 28.12.2015 13:46:37 -- Initializing filter [uriSecurity]
INFO   info.magnolia.cms.filters.CompositeFilter 28.12.2015 13:46:37 -- Initializing filter [range]
INFO   info.magnolia.cms.filters.CompositeFilter 28.12.2015 13:46:37 -- Initializing filter [i18n]
INFO   info.magnolia.cms.filters.CompositeFilter 28.12.2015 13:46:37 -- Initializing filter [cache]
WARN   info.magnolia.module.cache.filter.CacheFilter 28.12.2015 13:46:37 -- The defaultPageCache property is not set for the cache CacheFilter, falling back to defaultPageCache.
INFO   info.magnolia.cms.filters.CompositeFilter 28.12.2015 13:46:37 -- Initializing filter [virtualURI]
INFO   info.magnolia.cms.filters.CompositeFilter 28.12.2015 13:46:37 -- Initializing filter [servlets]
INFO   info.magnolia.cms.filters.CompositeFilter 28.12.2015 13:46:37 -- Initializing filter [Wrapper for log4j servlet]
INFO   info.magnolia.cms.filters.CompositeFilter 28.12.2015 13:46:37 -- Initializing filter [Wrapper for DamDownloadServlet servlet]
INFO   info.magnolia.cms.filters.CompositeFilter 28.12.2015 13:46:37 -- Initializing filter [Wrapper for ImagingServlet servlet]
INFO   info.magnolia.cms.filters.CompositeFilter 28.12.2015 13:46:37 -- Initializing filter [Wrapper for AdminCentral servlet]
INFO   info.magnolia.cms.filters.CompositeFilter 28.12.2015 13:46:37 -- Initializing filter [cms]
INFO   info.magnolia.cms.filters.CompositeFilter 28.12.2015 13:46:37 -- Initializing filter [repositoryMapping]
INFO   info.magnolia.cms.filters.CompositeFilter 28.12.2015 13:46:37 -- Initializing filter [contentSecurity]
INFO   info.magnolia.cms.filters.CompositeFilter 28.12.2015 13:46:37 -- Initializing filter [aggregator]
INFO   info.magnolia.cms.filters.CompositeFilter 28.12.2015 13:46:37 -- Initializing filter [modelExecution]
INFO   info.magnolia.cms.filters.CompositeFilter 28.12.2015 13:46:37 -- Initializing filter [rendering]
WARN   info.magnolia.jcr.node2bean.impl.Node2BeanTransformerImpl 28.12.2015 13:46:38 -- Will use deprecated add method [addLocale] to populate [locales] in bean class [info.magnolia.cms.i18n.DefaultI18nContentSupport].
DEBUG  com.sharecare.cms.articles.activation.DataActivationAction 28.12.2015 13:47:12 -- Processing %d requests out for activation
DEBUG  com.sharecare.cms.articles.activation.DataActivationAction 28.12.2015 13:47:12 -- Successfull Activation of 1 articles
DEBUG  com.sharecare.cms.articles.activation.DataActivationAction 28.12.2015 13:47:12 -- Marking item info.magnolia.ui.vaadin.integration.jcr.JcrNodeItemId@b2e738ef as ective on environment sc-preview
WARN   org.apache.jackrabbit.core.session.SessionState 28.12.2015 13:48:10 -- Attempt to close session-35 after it has already been closed. Please review your code for proper session management.
java.lang.Exception: Stack trace of the duplicate attempt to close session-35
	at org.apache.jackrabbit.core.session.SessionState.close(SessionState.java:280)
	at org.apache.jackrabbit.core.SessionImpl.logout(SessionImpl.java:943)
	at org.apache.jackrabbit.core.XASessionImpl.logout(XASessionImpl.java:394)
	at org.apache.jackrabbit.core.security.user.UserManagerImpl.loggedOut(UserManagerImpl.java:1152)
	at org.apache.jackrabbit.core.SessionImpl.notifyLoggedOut(SessionImpl.java:565)
	at org.apache.jackrabbit.core.SessionImpl.logout(SessionImpl.java:981)
	at org.apache.jackrabbit.core.RepositoryImpl$WorkspaceInfo.doDispose(RepositoryImpl.java:2242)
	at org.apache.jackrabbit.core.RepositoryImpl$WorkspaceInfo.dispose(RepositoryImpl.java:2196)
	at org.apache.jackrabbit.core.RepositoryImpl.doShutdown(RepositoryImpl.java:1123)
	at org.apache.jackrabbit.core.RepositoryImpl.shutdown(RepositoryImpl.java:1074)
	at org.apache.jackrabbit.core.jndi.BindableRepository.shutdown(BindableRepository.java:259)
	at org.apache.jackrabbit.core.jndi.BindableRepository$1.run(BindableRepository.java:120)
WARN   org.apache.jackrabbit.core.session.SessionState 28.12.2015 13:48:10 -- session-35 has already been closed. See the attached exception for a trace of where this session was closed.
java.lang.Exception: Stack trace of  where session-35 was originally closed
	at org.apache.jackrabbit.core.session.SessionState.close(SessionState.java:275)
	at org.apache.jackrabbit.core.SessionImpl.logout(SessionImpl.java:943)
	at org.apache.jackrabbit.core.XASessionImpl.logout(XASessionImpl.java:394)
	at org.apache.jackrabbit.core.RepositoryImpl.doShutdown(RepositoryImpl.java:1111)
	at org.apache.jackrabbit.core.RepositoryImpl.shutdown(RepositoryImpl.java:1074)
	at org.apache.jackrabbit.core.jndi.BindableRepository.shutdown(BindableRepository.java:259)
	at org.apache.jackrabbit.core.jndi.BindableRepository$1.run(BindableRepository.java:120)
WARN   org.apache.jackrabbit.core.session.SessionState 28.12.2015 13:48:10 -- Attempt to close session-11 after it has already been closed. Please review your code for proper session management.
java.lang.Exception: Stack trace of the duplicate attempt to close session-11
	at org.apache.jackrabbit.core.session.SessionState.close(SessionState.java:280)
	at org.apache.jackrabbit.core.SessionImpl.logout(SessionImpl.java:943)
	at org.apache.jackrabbit.core.XASessionImpl.logout(XASessionImpl.java:394)
	at org.apache.jackrabbit.core.security.user.UserManagerImpl.loggedOut(UserManagerImpl.java:1152)
	at org.apache.jackrabbit.core.SessionImpl.notifyLoggedOut(SessionImpl.java:565)
	at org.apache.jackrabbit.core.SessionImpl.logout(SessionImpl.java:981)
	at org.apache.jackrabbit.core.RepositoryImpl$WorkspaceInfo.doDispose(RepositoryImpl.java:2242)
	at org.apache.jackrabbit.core.RepositoryImpl$WorkspaceInfo.dispose(RepositoryImpl.java:2196)
	at org.apache.jackrabbit.core.RepositoryImpl.doShutdown(RepositoryImpl.java:1123)
	at org.apache.jackrabbit.core.RepositoryImpl.shutdown(RepositoryImpl.java:1074)
	at org.apache.jackrabbit.core.jndi.BindableRepository.shutdown(BindableRepository.java:259)
	at org.apache.jackrabbit.core.jndi.BindableRepository$1.run(BindableRepository.java:120)
WARN   org.apache.jackrabbit.core.session.SessionState 28.12.2015 13:48:10 -- session-11 has already been closed. See the attached exception for a trace of where this session was closed.
java.lang.Exception: Stack trace of  where session-11 was originally closed
	at org.apache.jackrabbit.core.session.SessionState.close(SessionState.java:275)
	at org.apache.jackrabbit.core.SessionImpl.logout(SessionImpl.java:943)
	at org.apache.jackrabbit.core.XASessionImpl.logout(XASessionImpl.java:394)
	at org.apache.jackrabbit.core.RepositoryImpl.doShutdown(RepositoryImpl.java:1111)
	at org.apache.jackrabbit.core.RepositoryImpl.shutdown(RepositoryImpl.java:1074)
	at org.apache.jackrabbit.core.jndi.BindableRepository.shutdown(BindableRepository.java:259)
	at org.apache.jackrabbit.core.jndi.BindableRepository$1.run(BindableRepository.java:120)
WARN   org.apache.jackrabbit.core.session.SessionState 28.12.2015 13:48:10 -- Attempt to close session-100 after it has already been closed. Please review your code for proper session management.
java.lang.Exception: Stack trace of the duplicate attempt to close session-100
	at org.apache.jackrabbit.core.session.SessionState.close(SessionState.java:280)
	at org.apache.jackrabbit.core.SessionImpl.logout(SessionImpl.java:943)
	at org.apache.jackrabbit.core.XASessionImpl.logout(XASessionImpl.java:394)
	at org.apache.jackrabbit.core.security.user.UserManagerImpl.loggedOut(UserManagerImpl.java:1152)
	at org.apache.jackrabbit.core.SessionImpl.notifyLoggedOut(SessionImpl.java:565)
	at org.apache.jackrabbit.core.SessionImpl.logout(SessionImpl.java:981)
	at org.apache.jackrabbit.core.RepositoryImpl$WorkspaceInfo.doDispose(RepositoryImpl.java:2242)
	at org.apache.jackrabbit.core.RepositoryImpl$WorkspaceInfo.dispose(RepositoryImpl.java:2196)
	at org.apache.jackrabbit.core.RepositoryImpl.doShutdown(RepositoryImpl.java:1123)
	at org.apache.jackrabbit.core.RepositoryImpl.shutdown(RepositoryImpl.java:1074)
	at org.apache.jackrabbit.core.jndi.BindableRepository.shutdown(BindableRepository.java:259)
	at org.apache.jackrabbit.core.jndi.BindableRepository$1.run(BindableRepository.java:120)
WARN   org.apache.jackrabbit.core.session.SessionState 28.12.2015 13:48:10 -- session-100 has already been closed. See the attached exception for a trace of where this session was closed.
java.lang.Exception: Stack trace of  where session-100 was originally closed
	at org.apache.jackrabbit.core.session.SessionState.close(SessionState.java:275)
	at org.apache.jackrabbit.core.SessionImpl.logout(SessionImpl.java:943)
	at org.apache.jackrabbit.core.XASessionImpl.logout(XASessionImpl.java:394)
	at org.apache.jackrabbit.core.RepositoryImpl.doShutdown(RepositoryImpl.java:1111)
	at org.apache.jackrabbit.core.RepositoryImpl.shutdown(RepositoryImpl.java:1074)
	at org.apache.jackrabbit.core.jndi.BindableRepository.shutdown(BindableRepository.java:259)
	at org.apache.jackrabbit.core.jndi.BindableRepository$1.run(BindableRepository.java:120)
WARN   org.apache.jackrabbit.core.session.SessionState 28.12.2015 13:48:10 -- Attempt to close session-66 after it has already been closed. Please review your code for proper session management.
java.lang.Exception: Stack trace of the duplicate attempt to close session-66
	at org.apache.jackrabbit.core.session.SessionState.close(SessionState.java:280)
	at org.apache.jackrabbit.core.SessionImpl.logout(SessionImpl.java:943)
	at org.apache.jackrabbit.core.XASessionImpl.logout(XASessionImpl.java:394)
	at org.apache.jackrabbit.core.security.user.UserManagerImpl.loggedOut(UserManagerImpl.java:1152)
	at org.apache.jackrabbit.core.SessionImpl.notifyLoggedOut(SessionImpl.java:565)
	at org.apache.jackrabbit.core.SessionImpl.logout(SessionImpl.java:981)
	at org.apache.jackrabbit.core.RepositoryImpl$WorkspaceInfo.doDispose(RepositoryImpl.java:2242)
	at org.apache.jackrabbit.core.RepositoryImpl$WorkspaceInfo.dispose(RepositoryImpl.java:2196)
	at org.apache.jackrabbit.core.RepositoryImpl.doShutdown(RepositoryImpl.java:1123)
	at org.apache.jackrabbit.core.RepositoryImpl.shutdown(RepositoryImpl.java:1074)
	at org.apache.jackrabbit.core.jndi.BindableRepository.shutdown(BindableRepository.java:259)
	at org.apache.jackrabbit.core.jndi.BindableRepository$1.run(BindableRepository.java:120)
WARN   org.apache.jackrabbit.core.session.SessionState 28.12.2015 13:48:10 -- session-66 has already been closed. See the attached exception for a trace of where this session was closed.
java.lang.Exception: Stack trace of  where session-66 was originally closed
	at org.apache.jackrabbit.core.session.SessionState.close(SessionState.java:275)
	at org.apache.jackrabbit.core.SessionImpl.logout(SessionImpl.java:943)
	at org.apache.jackrabbit.core.XASessionImpl.logout(XASessionImpl.java:394)
	at org.apache.jackrabbit.core.RepositoryImpl.doShutdown(RepositoryImpl.java:1111)
	at org.apache.jackrabbit.core.RepositoryImpl.shutdown(RepositoryImpl.java:1074)
	at org.apache.jackrabbit.core.jndi.BindableRepository.shutdown(BindableRepository.java:259)
	at org.apache.jackrabbit.core.jndi.BindableRepository$1.run(BindableRepository.java:120)
WARN   org.apache.jackrabbit.core.session.SessionState 28.12.2015 13:48:10 -- Attempt to close session-71 after it has already been closed. Please review your code for proper session management.
java.lang.Exception: Stack trace of the duplicate attempt to close session-71
	at org.apache.jackrabbit.core.session.SessionState.close(SessionState.java:280)
	at org.apache.jackrabbit.core.SessionImpl.logout(SessionImpl.java:943)
	at org.apache.jackrabbit.core.XASessionImpl.logout(XASessionImpl.java:394)
	at org.apache.jackrabbit.core.security.user.UserManagerImpl.loggedOut(UserManagerImpl.java:1152)
	at org.apache.jackrabbit.core.SessionImpl.notifyLoggedOut(SessionImpl.java:565)
	at org.apache.jackrabbit.core.SessionImpl.logout(SessionImpl.java:981)
	at org.apache.jackrabbit.core.RepositoryImpl$WorkspaceInfo.doDispose(RepositoryImpl.java:2242)
	at org.apache.jackrabbit.core.RepositoryImpl$WorkspaceInfo.dispose(RepositoryImpl.java:2196)
	at org.apache.jackrabbit.core.RepositoryImpl.doShutdown(RepositoryImpl.java:1123)
	at org.apache.jackrabbit.core.RepositoryImpl.shutdown(RepositoryImpl.java:1074)
	at org.apache.jackrabbit.core.jndi.BindableRepository.shutdown(BindableRepository.java:259)
	at org.apache.jackrabbit.core.jndi.BindableRepository$1.run(BindableRepository.java:120)
WARN   org.apache.jackrabbit.core.session.SessionState 28.12.2015 13:48:10 -- session-71 has already been closed. See the attached exception for a trace of where this session was closed.
java.lang.Exception: Stack trace of  where session-71 was originally closed
	at org.apache.jackrabbit.core.session.SessionState.close(SessionState.java:275)
	at org.apache.jackrabbit.core.SessionImpl.logout(SessionImpl.java:943)
	at org.apache.jackrabbit.core.XASessionImpl.logout(XASessionImpl.java:394)
	at org.apache.jackrabbit.core.RepositoryImpl.doShutdown(RepositoryImpl.java:1111)
	at org.apache.jackrabbit.core.RepositoryImpl.shutdown(RepositoryImpl.java:1074)
	at org.apache.jackrabbit.core.jndi.BindableRepository.shutdown(BindableRepository.java:259)
	at org.apache.jackrabbit.core.jndi.BindableRepository$1.run(BindableRepository.java:120)
WARN   org.apache.jackrabbit.core.session.SessionState 28.12.2015 13:48:10 -- Attempt to close session-82 after it has already been closed. Please review your code for proper session management.
java.lang.Exception: Stack trace of the duplicate attempt to close session-82
	at org.apache.jackrabbit.core.session.SessionState.close(SessionState.java:280)
	at org.apache.jackrabbit.core.SessionImpl.logout(SessionImpl.java:943)
	at org.apache.jackrabbit.core.XASessionImpl.logout(XASessionImpl.java:394)
	at org.apache.jackrabbit.core.security.user.UserManagerImpl.loggedOut(UserManagerImpl.java:1152)
	at org.apache.jackrabbit.core.SessionImpl.notifyLoggedOut(SessionImpl.java:565)
	at org.apache.jackrabbit.core.SessionImpl.logout(SessionImpl.java:981)
	at org.apache.jackrabbit.core.RepositoryImpl$WorkspaceInfo.doDispose(RepositoryImpl.java:2242)
	at org.apache.jackrabbit.core.RepositoryImpl$WorkspaceInfo.dispose(RepositoryImpl.java:2196)
	at org.apache.jackrabbit.core.RepositoryImpl.doShutdown(RepositoryImpl.java:1123)
	at org.apache.jackrabbit.core.RepositoryImpl.shutdown(RepositoryImpl.java:1074)
	at org.apache.jackrabbit.core.jndi.BindableRepository.shutdown(BindableRepository.java:259)
	at org.apache.jackrabbit.core.jndi.BindableRepository$1.run(BindableRepository.java:120)
WARN   org.apache.jackrabbit.core.session.SessionState 28.12.2015 13:48:10 -- session-82 has already been closed. See the attached exception for a trace of where this session was closed.
java.lang.Exception: Stack trace of  where session-82 was originally closed
	at org.apache.jackrabbit.core.session.SessionState.close(SessionState.java:275)
	at org.apache.jackrabbit.core.SessionImpl.logout(SessionImpl.java:943)
	at org.apache.jackrabbit.core.XASessionImpl.logout(XASessionImpl.java:394)
	at org.apache.jackrabbit.core.RepositoryImpl.doShutdown(RepositoryImpl.java:1111)
	at org.apache.jackrabbit.core.RepositoryImpl.shutdown(RepositoryImpl.java:1074)
	at org.apache.jackrabbit.core.jndi.BindableRepository.shutdown(BindableRepository.java:259)
	at org.apache.jackrabbit.core.jndi.BindableRepository$1.run(BindableRepository.java:120)
WARN   org.apache.jackrabbit.core.session.SessionState 28.12.2015 13:48:10 -- Attempt to close session-19 after it has already been closed. Please review your code for proper session management.
java.lang.Exception: Stack trace of the duplicate attempt to close session-19
	at org.apache.jackrabbit.core.session.SessionState.close(SessionState.java:280)
	at org.apache.jackrabbit.core.SessionImpl.logout(SessionImpl.java:943)
	at org.apache.jackrabbit.core.XASessionImpl.logout(XASessionImpl.java:394)
	at org.apache.jackrabbit.core.security.user.UserManagerImpl.loggedOut(UserManagerImpl.java:1152)
	at org.apache.jackrabbit.core.SessionImpl.notifyLoggedOut(SessionImpl.java:565)
	at org.apache.jackrabbit.core.SessionImpl.logout(SessionImpl.java:981)
	at org.apache.jackrabbit.core.RepositoryImpl$WorkspaceInfo.doDispose(RepositoryImpl.java:2242)
	at org.apache.jackrabbit.core.RepositoryImpl$WorkspaceInfo.dispose(RepositoryImpl.java:2196)
	at org.apache.jackrabbit.core.RepositoryImpl.doShutdown(RepositoryImpl.java:1123)
	at org.apache.jackrabbit.core.RepositoryImpl.shutdown(RepositoryImpl.java:1074)
	at org.apache.jackrabbit.core.jndi.BindableRepository.shutdown(BindableRepository.java:259)
	at org.apache.jackrabbit.core.jndi.BindableRepository$1.run(BindableRepository.java:120)
WARN   org.apache.jackrabbit.core.session.SessionState 28.12.2015 13:48:10 -- session-19 has already been closed. See the attached exception for a trace of where this session was closed.
java.lang.Exception: Stack trace of  where session-19 was originally closed
	at org.apache.jackrabbit.core.session.SessionState.close(SessionState.java:275)
	at org.apache.jackrabbit.core.SessionImpl.logout(SessionImpl.java:943)
	at org.apache.jackrabbit.core.XASessionImpl.logout(XASessionImpl.java:394)
	at org.apache.jackrabbit.core.RepositoryImpl.doShutdown(RepositoryImpl.java:1111)
	at org.apache.jackrabbit.core.RepositoryImpl.shutdown(RepositoryImpl.java:1074)
	at org.apache.jackrabbit.core.jndi.BindableRepository.shutdown(BindableRepository.java:259)
	at org.apache.jackrabbit.core.jndi.BindableRepository$1.run(BindableRepository.java:120)
WARN   org.apache.jackrabbit.core.session.SessionState 28.12.2015 13:48:10 -- Attempt to close session-77 after it has already been closed. Please review your code for proper session management.
java.lang.Exception: Stack trace of the duplicate attempt to close session-77
	at org.apache.jackrabbit.core.session.SessionState.close(SessionState.java:280)
	at org.apache.jackrabbit.core.SessionImpl.logout(SessionImpl.java:943)
	at org.apache.jackrabbit.core.XASessionImpl.logout(XASessionImpl.java:394)
	at org.apache.jackrabbit.core.security.user.UserManagerImpl.loggedOut(UserManagerImpl.java:1152)
	at org.apache.jackrabbit.core.SessionImpl.notifyLoggedOut(SessionImpl.java:565)
	at org.apache.jackrabbit.core.SessionImpl.logout(SessionImpl.java:981)
	at org.apache.jackrabbit.core.RepositoryImpl$WorkspaceInfo.doDispose(RepositoryImpl.java:2242)
	at org.apache.jackrabbit.core.RepositoryImpl$WorkspaceInfo.dispose(RepositoryImpl.java:2196)
	at org.apache.jackrabbit.core.RepositoryImpl.doShutdown(RepositoryImpl.java:1123)
	at org.apache.jackrabbit.core.RepositoryImpl.shutdown(RepositoryImpl.java:1074)
	at org.apache.jackrabbit.core.jndi.BindableRepository.shutdown(BindableRepository.java:259)
	at org.apache.jackrabbit.core.jndi.BindableRepository$1.run(BindableRepository.java:120)
WARN   org.apache.jackrabbit.core.session.SessionState 28.12.2015 13:48:10 -- session-77 has already been closed. See the attached exception for a trace of where this session was closed.
java.lang.Exception: Stack trace of  where session-77 was originally closed
	at org.apache.jackrabbit.core.session.SessionState.close(SessionState.java:275)
	at org.apache.jackrabbit.core.SessionImpl.logout(SessionImpl.java:943)
	at org.apache.jackrabbit.core.XASessionImpl.logout(XASessionImpl.java:394)
	at org.apache.jackrabbit.core.RepositoryImpl.doShutdown(RepositoryImpl.java:1111)
	at org.apache.jackrabbit.core.RepositoryImpl.shutdown(RepositoryImpl.java:1074)
	at org.apache.jackrabbit.core.jndi.BindableRepository.shutdown(BindableRepository.java:259)
	at org.apache.jackrabbit.core.jndi.BindableRepository$1.run(BindableRepository.java:120)
WARN   org.apache.jackrabbit.core.session.SessionState 28.12.2015 13:48:10 -- Attempt to close session-23 after it has already been closed. Please review your code for proper session management.
java.lang.Exception: Stack trace of the duplicate attempt to close session-23
	at org.apache.jackrabbit.core.session.SessionState.close(SessionState.java:280)
	at org.apache.jackrabbit.core.SessionImpl.logout(SessionImpl.java:943)
	at org.apache.jackrabbit.core.XASessionImpl.logout(XASessionImpl.java:394)
	at org.apache.jackrabbit.core.security.user.UserManagerImpl.loggedOut(UserManagerImpl.java:1152)
	at org.apache.jackrabbit.core.SessionImpl.notifyLoggedOut(SessionImpl.java:565)
	at org.apache.jackrabbit.core.SessionImpl.logout(SessionImpl.java:981)
	at org.apache.jackrabbit.core.RepositoryImpl$WorkspaceInfo.doDispose(RepositoryImpl.java:2242)
	at org.apache.jackrabbit.core.RepositoryImpl$WorkspaceInfo.dispose(RepositoryImpl.java:2196)
	at org.apache.jackrabbit.core.RepositoryImpl.doShutdown(RepositoryImpl.java:1123)
	at org.apache.jackrabbit.core.RepositoryImpl.shutdown(RepositoryImpl.java:1074)
	at org.apache.jackrabbit.core.jndi.BindableRepository.shutdown(BindableRepository.java:259)
	at org.apache.jackrabbit.core.jndi.BindableRepository$1.run(BindableRepository.java:120)
WARN   org.apache.jackrabbit.core.session.SessionState 28.12.2015 13:48:10 -- session-23 has already been closed. See the attached exception for a trace of where this session was closed.
java.lang.Exception: Stack trace of  where session-23 was originally closed
	at org.apache.jackrabbit.core.session.SessionState.close(SessionState.java:275)
	at org.apache.jackrabbit.core.SessionImpl.logout(SessionImpl.java:943)
	at org.apache.jackrabbit.core.XASessionImpl.logout(XASessionImpl.java:394)
	at org.apache.jackrabbit.core.RepositoryImpl.doShutdown(RepositoryImpl.java:1111)
	at org.apache.jackrabbit.core.RepositoryImpl.shutdown(RepositoryImpl.java:1074)
	at org.apache.jackrabbit.core.jndi.BindableRepository.shutdown(BindableRepository.java:259)
	at org.apache.jackrabbit.core.jndi.BindableRepository$1.run(BindableRepository.java:120)
WARN   org.apache.jackrabbit.core.session.SessionState 28.12.2015 13:48:10 -- Attempt to close session-27 after it has already been closed. Please review your code for proper session management.
java.lang.Exception: Stack trace of the duplicate attempt to close session-27
	at org.apache.jackrabbit.core.session.SessionState.close(SessionState.java:280)
	at org.apache.jackrabbit.core.SessionImpl.logout(SessionImpl.java:943)
	at org.apache.jackrabbit.core.XASessionImpl.logout(XASessionImpl.java:394)
	at org.apache.jackrabbit.core.security.user.UserManagerImpl.loggedOut(UserManagerImpl.java:1152)
	at org.apache.jackrabbit.core.SessionImpl.notifyLoggedOut(SessionImpl.java:565)
	at org.apache.jackrabbit.core.SessionImpl.logout(SessionImpl.java:981)
	at org.apache.jackrabbit.core.RepositoryImpl$WorkspaceInfo.doDispose(RepositoryImpl.java:2242)
	at org.apache.jackrabbit.core.RepositoryImpl$WorkspaceInfo.dispose(RepositoryImpl.java:2196)
	at org.apache.jackrabbit.core.RepositoryImpl.doShutdown(RepositoryImpl.java:1123)
	at org.apache.jackrabbit.core.RepositoryImpl.shutdown(RepositoryImpl.java:1074)
	at org.apache.jackrabbit.core.jndi.BindableRepository.shutdown(BindableRepository.java:259)
	at org.apache.jackrabbit.core.jndi.BindableRepository$1.run(BindableRepository.java:120)
WARN   org.apache.jackrabbit.core.session.SessionState 28.12.2015 13:48:10 -- session-27 has already been closed. See the attached exception for a trace of where this session was closed.
java.lang.Exception: Stack trace of  where session-27 was originally closed
	at org.apache.jackrabbit.core.session.SessionState.close(SessionState.java:275)
	at org.apache.jackrabbit.core.SessionImpl.logout(SessionImpl.java:943)
	at org.apache.jackrabbit.core.XASessionImpl.logout(XASessionImpl.java:394)
	at org.apache.jackrabbit.core.RepositoryImpl.doShutdown(RepositoryImpl.java:1111)
	at org.apache.jackrabbit.core.RepositoryImpl.shutdown(RepositoryImpl.java:1074)
	at org.apache.jackrabbit.core.jndi.BindableRepository.shutdown(BindableRepository.java:259)
	at org.apache.jackrabbit.core.jndi.BindableRepository$1.run(BindableRepository.java:120)
WARN   org.apache.jackrabbit.core.session.SessionState 28.12.2015 13:48:10 -- Attempt to close session-31 after it has already been closed. Please review your code for proper session management.
java.lang.Exception: Stack trace of the duplicate attempt to close session-31
	at org.apache.jackrabbit.core.session.SessionState.close(SessionState.java:280)
	at org.apache.jackrabbit.core.SessionImpl.logout(SessionImpl.java:943)
	at org.apache.jackrabbit.core.XASessionImpl.logout(XASessionImpl.java:394)
	at org.apache.jackrabbit.core.security.user.UserManagerImpl.loggedOut(UserManagerImpl.java:1152)
	at org.apache.jackrabbit.core.SessionImpl.notifyLoggedOut(SessionImpl.java:565)
	at org.apache.jackrabbit.core.SessionImpl.logout(SessionImpl.java:981)
	at org.apache.jackrabbit.core.RepositoryImpl$WorkspaceInfo.doDispose(RepositoryImpl.java:2242)
	at org.apache.jackrabbit.core.RepositoryImpl$WorkspaceInfo.dispose(RepositoryImpl.java:2196)
	at org.apache.jackrabbit.core.RepositoryImpl.doShutdown(RepositoryImpl.java:1123)
	at org.apache.jackrabbit.core.RepositoryImpl.shutdown(RepositoryImpl.java:1074)
	at org.apache.jackrabbit.core.jndi.BindableRepository.shutdown(BindableRepository.java:259)
	at org.apache.jackrabbit.core.jndi.BindableRepository$1.run(BindableRepository.java:120)
WARN   org.apache.jackrabbit.core.session.SessionState 28.12.2015 13:48:10 -- session-31 has already been closed. See the attached exception for a trace of where this session was closed.
java.lang.Exception: Stack trace of  where session-31 was originally closed
	at org.apache.jackrabbit.core.session.SessionState.close(SessionState.java:275)
	at org.apache.jackrabbit.core.SessionImpl.logout(SessionImpl.java:943)
	at org.apache.jackrabbit.core.XASessionImpl.logout(XASessionImpl.java:394)
	at org.apache.jackrabbit.core.RepositoryImpl.doShutdown(RepositoryImpl.java:1111)
	at org.apache.jackrabbit.core.RepositoryImpl.shutdown(RepositoryImpl.java:1074)
	at org.apache.jackrabbit.core.jndi.BindableRepository.shutdown(BindableRepository.java:259)
	at org.apache.jackrabbit.core.jndi.BindableRepository$1.run(BindableRepository.java:120)
WARN   org.apache.jackrabbit.core.session.SessionState 28.12.2015 13:48:11 -- Attempt to close session-94 after it has already been closed. Please review your code for proper session management.
java.lang.Exception: Stack trace of the duplicate attempt to close session-94
	at org.apache.jackrabbit.core.session.SessionState.close(SessionState.java:280)
	at org.apache.jackrabbit.core.SessionImpl.logout(SessionImpl.java:943)
	at org.apache.jackrabbit.core.XASessionImpl.logout(XASessionImpl.java:394)
	at org.apache.jackrabbit.core.security.user.UserManagerImpl.loggedOut(UserManagerImpl.java:1152)
	at org.apache.jackrabbit.core.SessionImpl.notifyLoggedOut(SessionImpl.java:565)
	at org.apache.jackrabbit.core.SessionImpl.logout(SessionImpl.java:981)
	at org.apache.jackrabbit.core.RepositoryImpl$WorkspaceInfo.doDispose(RepositoryImpl.java:2242)
	at org.apache.jackrabbit.core.RepositoryImpl$WorkspaceInfo.dispose(RepositoryImpl.java:2196)
	at org.apache.jackrabbit.core.RepositoryImpl.doShutdown(RepositoryImpl.java:1123)
	at org.apache.jackrabbit.core.RepositoryImpl.shutdown(RepositoryImpl.java:1074)
	at org.apache.jackrabbit.core.jndi.BindableRepository.shutdown(BindableRepository.java:259)
	at org.apache.jackrabbit.core.jndi.BindableRepository$1.run(BindableRepository.java:120)
WARN   org.apache.jackrabbit.core.session.SessionState 28.12.2015 13:48:11 -- session-94 has already been closed. See the attached exception for a trace of where this session was closed.
java.lang.Exception: Stack trace of  where session-94 was originally closed
	at org.apache.jackrabbit.core.session.SessionState.close(SessionState.java:275)
	at org.apache.jackrabbit.core.SessionImpl.logout(SessionImpl.java:943)
	at org.apache.jackrabbit.core.XASessionImpl.logout(XASessionImpl.java:394)
	at org.apache.jackrabbit.core.RepositoryImpl.doShutdown(RepositoryImpl.java:1111)
	at org.apache.jackrabbit.core.RepositoryImpl.shutdown(RepositoryImpl.java:1074)
	at org.apache.jackrabbit.core.jndi.BindableRepository.shutdown(BindableRepository.java:259)
	at org.apache.jackrabbit.core.jndi.BindableRepository$1.run(BindableRepository.java:120)
WARN   org.apache.jackrabbit.core.session.SessionState 28.12.2015 13:48:11 -- Attempt to close session-15 after it has already been closed. Please review your code for proper session management.
java.lang.Exception: Stack trace of the duplicate attempt to close session-15
	at org.apache.jackrabbit.core.session.SessionState.close(SessionState.java:280)
	at org.apache.jackrabbit.core.SessionImpl.logout(SessionImpl.java:943)
	at org.apache.jackrabbit.core.XASessionImpl.logout(XASessionImpl.java:394)
	at org.apache.jackrabbit.core.security.user.UserManagerImpl.loggedOut(UserManagerImpl.java:1152)
	at org.apache.jackrabbit.core.SessionImpl.notifyLoggedOut(SessionImpl.java:565)
	at org.apache.jackrabbit.core.SessionImpl.logout(SessionImpl.java:981)
	at org.apache.jackrabbit.core.RepositoryImpl$WorkspaceInfo.doDispose(RepositoryImpl.java:2242)
	at org.apache.jackrabbit.core.RepositoryImpl$WorkspaceInfo.dispose(RepositoryImpl.java:2196)
	at org.apache.jackrabbit.core.RepositoryImpl.doShutdown(RepositoryImpl.java:1123)
	at org.apache.jackrabbit.core.RepositoryImpl.shutdown(RepositoryImpl.java:1074)
	at org.apache.jackrabbit.core.jndi.BindableRepository.shutdown(BindableRepository.java:259)
	at org.apache.jackrabbit.core.jndi.BindableRepository$1.run(BindableRepository.java:120)
WARN   org.apache.jackrabbit.core.session.SessionState 28.12.2015 13:48:11 -- session-15 has already been closed. See the attached exception for a trace of where this session was closed.
java.lang.Exception: Stack trace of  where session-15 was originally closed
	at org.apache.jackrabbit.core.session.SessionState.close(SessionState.java:275)
	at org.apache.jackrabbit.core.SessionImpl.logout(SessionImpl.java:943)
	at org.apache.jackrabbit.core.XASessionImpl.logout(XASessionImpl.java:394)
	at org.apache.jackrabbit.core.RepositoryImpl.doShutdown(RepositoryImpl.java:1111)
	at org.apache.jackrabbit.core.RepositoryImpl.shutdown(RepositoryImpl.java:1074)
	at org.apache.jackrabbit.core.jndi.BindableRepository.shutdown(BindableRepository.java:259)
	at org.apache.jackrabbit.core.jndi.BindableRepository$1.run(BindableRepository.java:120)
WARN   org.apache.jackrabbit.core.session.SessionState 28.12.2015 13:48:11 -- Attempt to close session-106 after it has already been closed. Please review your code for proper session management.
java.lang.Exception: Stack trace of the duplicate attempt to close session-106
	at org.apache.jackrabbit.core.session.SessionState.close(SessionState.java:280)
	at org.apache.jackrabbit.core.SessionImpl.logout(SessionImpl.java:943)
	at org.apache.jackrabbit.core.XASessionImpl.logout(XASessionImpl.java:394)
	at org.apache.jackrabbit.core.security.user.UserManagerImpl.loggedOut(UserManagerImpl.java:1152)
	at org.apache.jackrabbit.core.SessionImpl.notifyLoggedOut(SessionImpl.java:565)
	at org.apache.jackrabbit.core.SessionImpl.logout(SessionImpl.java:981)
	at org.apache.jackrabbit.core.RepositoryImpl$WorkspaceInfo.doDispose(RepositoryImpl.java:2242)
	at org.apache.jackrabbit.core.RepositoryImpl$WorkspaceInfo.dispose(RepositoryImpl.java:2196)
	at org.apache.jackrabbit.core.RepositoryImpl.doShutdown(RepositoryImpl.java:1123)
	at org.apache.jackrabbit.core.RepositoryImpl.shutdown(RepositoryImpl.java:1074)
	at org.apache.jackrabbit.core.jndi.BindableRepository.shutdown(BindableRepository.java:259)
	at org.apache.jackrabbit.core.jndi.BindableRepository$1.run(BindableRepository.java:120)
WARN   org.apache.jackrabbit.core.session.SessionState 28.12.2015 13:48:11 -- session-106 has already been closed. See the attached exception for a trace of where this session was closed.
java.lang.Exception: Stack trace of  where session-106 was originally closed
	at org.apache.jackrabbit.core.session.SessionState.close(SessionState.java:275)
	at org.apache.jackrabbit.core.SessionImpl.logout(SessionImpl.java:943)
	at org.apache.jackrabbit.core.XASessionImpl.logout(XASessionImpl.java:394)
	at org.apache.jackrabbit.core.RepositoryImpl.doShutdown(RepositoryImpl.java:1111)
	at org.apache.jackrabbit.core.RepositoryImpl.shutdown(RepositoryImpl.java:1074)
	at org.apache.jackrabbit.core.jndi.BindableRepository.shutdown(BindableRepository.java:259)
	at org.apache.jackrabbit.core.jndi.BindableRepository$1.run(BindableRepository.java:120)
WARN   org.apache.jackrabbit.core.session.SessionState 28.12.2015 13:48:11 -- Attempt to close session-88 after it has already been closed. Please review your code for proper session management.
java.lang.Exception: Stack trace of the duplicate attempt to close session-88
	at org.apache.jackrabbit.core.session.SessionState.close(SessionState.java:280)
	at org.apache.jackrabbit.core.SessionImpl.logout(SessionImpl.java:943)
	at org.apache.jackrabbit.core.XASessionImpl.logout(XASessionImpl.java:394)
	at org.apache.jackrabbit.core.security.user.UserManagerImpl.loggedOut(UserManagerImpl.java:1152)
	at org.apache.jackrabbit.core.SessionImpl.notifyLoggedOut(SessionImpl.java:565)
	at org.apache.jackrabbit.core.SessionImpl.logout(SessionImpl.java:981)
	at org.apache.jackrabbit.core.RepositoryImpl$WorkspaceInfo.doDispose(RepositoryImpl.java:2242)
	at org.apache.jackrabbit.core.RepositoryImpl$WorkspaceInfo.dispose(RepositoryImpl.java:2196)
	at org.apache.jackrabbit.core.RepositoryImpl.doShutdown(RepositoryImpl.java:1123)
	at org.apache.jackrabbit.core.RepositoryImpl.shutdown(RepositoryImpl.java:1074)
	at org.apache.jackrabbit.core.jndi.BindableRepository.shutdown(BindableRepository.java:259)
	at org.apache.jackrabbit.core.jndi.BindableRepository$1.run(BindableRepository.java:120)
WARN   org.apache.jackrabbit.core.session.SessionState 28.12.2015 13:48:11 -- session-88 has already been closed. See the attached exception for a trace of where this session was closed.
java.lang.Exception: Stack trace of  where session-88 was originally closed
	at org.apache.jackrabbit.core.session.SessionState.close(SessionState.java:275)
	at org.apache.jackrabbit.core.SessionImpl.logout(SessionImpl.java:943)
	at org.apache.jackrabbit.core.XASessionImpl.logout(XASessionImpl.java:394)
	at org.apache.jackrabbit.core.RepositoryImpl.doShutdown(RepositoryImpl.java:1111)
	at org.apache.jackrabbit.core.RepositoryImpl.shutdown(RepositoryImpl.java:1074)
	at org.apache.jackrabbit.core.jndi.BindableRepository.shutdown(BindableRepository.java:259)
	at org.apache.jackrabbit.core.jndi.BindableRepository$1.run(BindableRepository.java:120)
INFO   info.magnolia.module.ModuleManagerImpl 28.12.2015 13:48:11 -- Stopping module ui-contentapp
INFO   info.magnolia.module.ModuleManagerImpl 28.12.2015 13:48:11 -- Stopping module ui-admincentral
INFO   info.magnolia.module.ModuleManagerImpl 28.12.2015 13:48:11 -- Stopping module task-management
INFO   info.magnolia.module.ModuleManagerImpl 28.12.2015 13:48:11 -- Stopping module ui-mediaeditor
INFO   info.magnolia.module.ModuleManagerImpl 28.12.2015 13:48:11 -- Stopping module scheduler
INFO   info.magnolia.module.scheduler.JobDefinition 28.12.2015 13:48:11 -- Waiting up to 30 seconds for scheduled jobs to stop...
INFO   info.magnolia.module.ModuleManagerImpl 28.12.2015 13:48:12 -- Stopping module imaging
INFO   info.magnolia.module.ModuleManagerImpl 28.12.2015 13:48:12 -- Stopping module ui-framework
INFO   info.magnolia.module.ModuleManagerImpl 28.12.2015 13:48:12 -- Stopping module rendering
INFO   info.magnolia.module.ModuleManagerImpl 28.12.2015 13:48:12 -- Stopping module config
INFO   info.magnolia.dirwatch.DirectoryWatcherService 28.12.2015 13:48:12 -- DirectoryWatcherService terminated.
INFO   info.magnolia.module.ModuleManagerImpl 28.12.2015 13:48:12 -- Stopping module cache
INFO   info.magnolia.module.ModuleManagerImpl 28.12.2015 13:48:12 -- Stopping module dam
INFO   info.magnolia.module.ModuleManagerImpl 28.12.2015 13:48:12 -- Stopping module core
INFO   info.magnolia.repository.DefaultRepositoryManager 28.12.2015 13:48:12 -- Shutting down JCR
INFO   info.magnolia.jackrabbit.ProviderImpl 28.12.2015 13:48:12 -- Shutting down repository bound to 'webapp'
INFO   info.magnolia.cms.beans.config.ConfigLoader 28.12.2015 14:01:55 -- Initializing content repositories
INFO   info.magnolia.repository.DefaultRepositoryManager 28.12.2015 14:01:55 -- Loading JCR
INFO   info.magnolia.repository.DefaultRepositoryManager 28.12.2015 14:01:55 -- Loading JCR magnolia
INFO   info.magnolia.jackrabbit.ProviderImpl 28.12.2015 14:01:55 -- Loading repository at /Users/dianandonov/stuff/publishing-central/publishing-ui/src/main/webapp/repositories/magnolia (config file: /Users/dianandonov/stuff/publishing-central/publishing-ui/src/main/webapp/WEB-INF/config/repo-conf/jackrabbit-bundle-derby-search.xml) - cluster id: "<unset>"
INFO   info.magnolia.repository.DefaultRepositoryManager 28.12.2015 14:01:57 -- Loading workspace mgnlVersion (logical name magnolia-mgnlVersion).
INFO   info.magnolia.repository.DefaultRepositoryManager 28.12.2015 14:01:57 -- Loading workspace profiles (logical name profiles).
INFO   info.magnolia.repository.DefaultRepositoryManager 28.12.2015 14:01:57 -- Loading workspace resources (logical name resources).
INFO   info.magnolia.repository.DefaultRepositoryManager 28.12.2015 14:01:57 -- Loading workspace dms (logical name dms).
INFO   info.magnolia.repository.DefaultRepositoryManager 28.12.2015 14:01:57 -- Loading workspace imaging (logical name imaging).
INFO   info.magnolia.repository.DefaultRepositoryManager 28.12.2015 14:01:58 -- Loading workspace dam (logical name dam).
INFO   info.magnolia.repository.DefaultRepositoryManager 28.12.2015 14:01:58 -- Loading workspace default (logical name default).
INFO   info.magnolia.repository.DefaultRepositoryManager 28.12.2015 14:01:58 -- Loading workspace mgnlSystem (logical name magnolia-mgnlSystem).
INFO   info.magnolia.repository.DefaultRepositoryManager 28.12.2015 14:01:58 -- Loading workspace messages (logical name messages).
INFO   info.magnolia.repository.DefaultRepositoryManager 28.12.2015 14:01:58 -- Loading workspace articles (logical name articles).
INFO   info.magnolia.repository.DefaultRepositoryManager 28.12.2015 14:01:58 -- Loading workspace tasks (logical name tasks).
INFO   info.magnolia.context.LifeTimeJCRSessionUtil 28.12.2015 14:01:58 -- Will handle lifetime sessions because the system context is of type interface info.magnolia.context.ThreadDependentSystemContext
WARN   info.magnolia.cms.util.ClasspathResourcesUtil 28.12.2015 14:01:58 -- missing file: /Users/dianandonov/stuff/publishing-central/publishing-ui/build/classes/main
WARN   info.magnolia.cms.util.ClasspathResourcesUtil 28.12.2015 14:01:58 -- missing file: /Users/dianandonov/stuff/publishing-central/publishing-ui/build/resources/main
INFO   info.magnolia.i18nsystem.DefaultMessageBundlesLoader 28.12.2015 14:01:58 -- 
------------------------------------
Duplicated keys found while loading message bundles from ./mgnl-i18n :
------------------------------------
Number of duplicates based on key pattern <key>_<locale>_<bundle-url>: 6
Number of duplicates based on key pattern <key>_<locale>: 6
Number of duplicates based on key pattern <key>: 1
To get more details concerning the keys, raise the log level to 'DEBUG' for info.magnolia.i18nsystem.DefaultMessageBundlesLoader.
If you encounter a large number of duplicates, it's possible that you are running in a development environment where you have multiple copies of the web-apps in the overlays folder of your web-app.
URLs of the affected files creating duplicate entries:
jar:file:/Users/dianandonov/.gradle/caches/modules-2/files-2.1/info.magnolia.ui/magnolia-ui-admincentral/5.4/6bde880a6ac362a6465077a8b5511792386cc1/magnolia-ui-admincentral-5.4.jar!/mgnl-i18n/messages_de.properties
jar:file:/Users/dianandonov/.gradle/caches/modules-2/files-2.1/info.magnolia.ui/magnolia-ui-admincentral/5.4/6bde880a6ac362a6465077a8b5511792386cc1/magnolia-ui-admincentral-5.4.jar!/mgnl-i18n/messages_en.properties
jar:file:/Users/dianandonov/.gradle/caches/modules-2/files-2.1/info.magnolia.ui/magnolia-ui-admincentral/5.4/6bde880a6ac362a6465077a8b5511792386cc1/magnolia-ui-admincentral-5.4.jar!/mgnl-i18n/messages_ja.properties
jar:file:/Users/dianandonov/.gradle/caches/modules-2/files-2.1/info.magnolia.ui/magnolia-ui-admincentral/5.4/6bde880a6ac362a6465077a8b5511792386cc1/magnolia-ui-admincentral-5.4.jar!/mgnl-i18n/messages_zh_CN.properties
jar:file:/Users/dianandonov/.gradle/caches/modules-2/files-2.1/info.magnolia.ui/magnolia-ui-admincentral/5.4/6bde880a6ac362a6465077a8b5511792386cc1/magnolia-ui-admincentral-5.4.jar!/mgnl-i18n/shellapp-app-launcher-messages_cs.properties
jar:file:/Users/dianandonov/.gradle/caches/modules-2/files-2.1/info.magnolia.ui/magnolia-ui-admincentral/5.4/6bde880a6ac362a6465077a8b5511792386cc1/magnolia-ui-admincentral-5.4.jar!/mgnl-i18n/shellapp-app-launcher-messages_es.properties
------------------------------------
INFO   info.magnolia.classpathwatch.ClasspathScannerService 28.12.2015 14:01:59 -- Not in dev mode, will not watch resource changes on the classpath.
INFO   info.magnolia.module.webapp.WebappVersionHandler 28.12.2015 14:01:59 -- Content was found in the repository, will not bootstrap web-app.
INFO   info.magnolia.module.ui.ModuleManagerWebUI 28.12.2015 14:01:59 -- 
*********************************************************************************************************
*                                                                                                       *
* Magnolia needs module updates or installs, point your browser to your Magnolia instance and confirm ! *
*                                                                                                       *
*********************************************************************************************************
INFO   info.magnolia.cms.i18n.DefaultMessagesManager 28.12.2015 14:01:59 -- Loading i18n configuration - /server/i18n/system
INFO   info.magnolia.cms.i18n.DefaultMessagesManager 28.12.2015 14:02:00 -- Registering event listener for i18n
INFO   info.magnolia.cms.beans.config.MIMEMapping 28.12.2015 14:02:00 -- Initializing MIMEMapping from /server/MIMEMapping
INFO   info.magnolia.cms.beans.config.MIMEMapping 28.12.2015 14:02:00 -- Registering event listener for MIMEMapping
INFO   info.magnolia.cms.beans.config.ConfigLoader 28.12.2015 14:02:00 -- Configuration loaded (took 4 seconds)
INFO   info.magnolia.cms.filters.FilterManagerImpl 28.12.2015 14:02:00 -- Initializing filters
INFO   info.magnolia.cms.filters.CompositeFilter 28.12.2015 14:02:00 -- Initializing filter [Wrapper for Resources Servlet servlet]
INFO   info.magnolia.cms.filters.CompositeFilter 28.12.2015 14:02:00 -- Initializing filter [install]
INFO   info.magnolia.repository.DefaultRepositoryManager 28.12.2015 14:14:07 -- Shutting down JCR
INFO   info.magnolia.jackrabbit.ProviderImpl 28.12.2015 14:14:08 -- Shutting down repository bound to 'webapp'
